 Fermi distribution function
 
Calculation with static geometry
 

********************************************************************************
 iSCC Total electronic   Diff electronic      SCC error    
    1   -0.44270271E+03    0.00000000E+00    0.13045381E-03
********************************************************************************
 
 Total charge:    -0.00000000

 Atomic gross charges (e)
 Atom           Charge
    1       0.52289794
    2       0.55834198
    3       0.56797541
    4       0.51417297
    5       0.51901454
    6       0.52041433
    7       0.50473391
    8       0.50714104
    9       0.52012854
   10       0.52343838
   11       0.52323835
   12       0.50545517
   13       0.57436870
   14       0.51692774
   15       0.52243019
   16       0.52367485
   17       0.51718244
   18       0.57246985
   19       0.59226415
   20       0.51670700
   21       0.52183749
   22       0.51678772
   23       0.59188545
   24       0.57275231
   25       0.50570375
   26       0.50547977
   27       0.57327967
   28      -0.49248488
   29      -0.52807155
   30      -0.51658428
   31      -0.55088691
   32      -0.57177555
   33      -0.52944347
   34      -0.52555295
   35      -0.54448749
   36      -0.55161529
   37      -0.55150676
   38      -0.54514768
   39      -0.52601848
   40      -0.52715239
   41      -0.54290724
   42      -0.54905771
   43      -0.52013500
   44      -0.52793036
   45      -0.52705834
   46      -0.52739892
   47      -0.51971536
   48      -0.51966383
   49      -0.54283344
   50      -0.54280953
   51      -0.51978114
   52      -0.54877693
   53      -0.55104445
   54      -0.54936380
   55       0.60553219
   56       0.50599373
   57       0.50125508
   58       0.57009509
   59       0.58238190
   60       0.52407939
   61       0.52456155
   62       0.51551346
   63       0.59098121
   64       0.57061759
   65       0.51648035
   66       0.52452854
   67       0.52332469
   68       0.51628669
   69       0.57275415
   70       0.50601529
   71       0.52224469
   72       0.52376489
   73       0.52223299
   74       0.50540032
   75       0.50558068
   76       0.51686249
   77       0.51691770
   78       0.50570232
   79       0.57333418
   80       0.59196294
   81       0.57282667
   82      -0.55460605
   83      -0.57744475
   84      -0.55111958
   85      -0.52910806
   86      -0.53056461
   87      -0.53720035
   88      -0.51825680
   89      -0.51822452
   90      -0.52891507
   91      -0.52791813
   92      -0.52727493
   93      -0.51966169
   94      -0.54842161
   95      -0.54286004
   96      -0.52806207
   97      -0.52766311
   98      -0.54284636
   99      -0.54945215
  100      -0.55106155
  101      -0.54310344
  102      -0.52768666
  103      -0.54276415
  104      -0.55106527
  105      -0.54953863
  106      -0.51987090
  107      -0.51968378
  108      -0.54887343
  109       0.35531772
  110      -0.31754118
  111       0.08434912
  112      -0.12381054
  113       0.10255492
  114      -0.16153223
  115       0.07694039
  116       0.31090743
  117      -0.49971029
  118      -0.09172049
  119      -0.18507184
  120       0.07431531
  121       0.08888396
  122       0.33063472
 
Nr. of electrons (up):   1014.00000000
Atom populations (up)
 Atom       Population
    1      11.47710206
    2      11.44165802
    3      11.43202459
    4      11.48582703
    5      11.48098546
    6      11.47958567
    7      11.49526609
    8      11.49285896
    9      11.47987146
   10      11.47656162
   11      11.47676165
   12      11.49454483
   13      11.42563130
   14      11.48307226
   15      11.47756981
   16      11.47632515
   17      11.48281756
   18      11.42753015
   19      11.40773585
   20      11.48329300
   21      11.47816251
   22      11.48321228
   23      11.40811455
   24      11.42724769
   25      11.49429625
   26      11.49452023
   27      11.42672033
   28       6.49248488
   29       6.52807155
   30       6.51658428
   31       6.55088691
   32       6.57177555
   33       6.52944347
   34       6.52555295
   35       6.54448749
   36       6.55161529
   37       6.55150676
   38       6.54514768
   39       6.52601848
   40       6.52715239
   41       6.54290724
   42       6.54905771
   43       6.52013500
   44       6.52793036
   45       6.52705834
   46       6.52739892
   47       6.51971536
   48       6.51966383
   49       6.54283344
   50       6.54280953
   51       6.51978114
   52       6.54877693
   53       6.55104445
   54       6.54936380
   55      11.39446781
   56      11.49400627
   57      11.49874492
   58      11.42990491
   59      11.41761810
   60      11.47592061
   61      11.47543845
   62      11.48448654
   63      11.40901879
   64      11.42938241
   65      11.48351965
   66      11.47547146
   67      11.47667531
   68      11.48371331
   69      11.42724585
   70      11.49398471
   71      11.47775531
   72      11.47623511
   73      11.47776701
   74      11.49459968
   75      11.49441932
   76      11.48313751
   77      11.48308230
   78      11.49429768
   79      11.42666582
   80      11.40803706
   81      11.42717333
   82       6.55460605
   83       6.57744475
   84       6.55111958
   85       6.52910806
   86       6.53056461
   87       6.53720035
   88       6.51825680
   89       6.51822452
   90       6.52891507
   91       6.52791813
   92       6.52727493
   93       6.51966169
   94       6.54842161
   95       6.54286004
   96       6.52806207
   97       6.52766311
   98       6.54284636
   99       6.54945215
  100       6.55106155
  101       6.54310344
  102       6.52768666
  103       6.54276415
  104       6.55106527
  105       6.54953863
  106       6.51987090
  107       6.51968378
  108       6.54887343
  109       0.64468228
  110       6.31754118
  111       0.91565088
  112       4.12381054
  113       3.89744508
  114       4.16153223
  115       0.92305961
  116       3.68909257
  117       6.49971029
  118       4.09172049
  119       4.18507184
  120       0.92568469
  121       0.91111604
  122       0.66936528
 
l-shell populations (up)
 Atom Sh.   l       Population
    1   1   0       0.63770712
    1   2   1       0.87171929
    1   3   2       9.96767565
    2   1   0       0.63741568
    2   2   1       0.84306440
    2   3   2       9.96117794
    3   1   0       0.68315065
    3   2   1       0.80488478
    3   3   2       9.94398916
    4   1   0       0.61863814
    4   2   1       0.90285510
    4   3   2       9.96433379
    5   1   0       0.61422976
    5   2   1       0.90154047
    5   3   2       9.96521523
    6   1   0       0.61826475
    6   2   1       0.89546586
    6   3   2       9.96585506
    7   1   0       0.62827258
    7   2   1       0.90370580
    7   3   2       9.96328771
    8   1   0       0.62796165
    8   2   1       0.90094142
    8   3   2       9.96395588
    9   1   0       0.61443668
    9   2   1       0.89886033
    9   3   2       9.96657445
   10   1   0       0.61329822
   10   2   1       0.89639412
   10   3   2       9.96686928
   11   1   0       0.61502490
   11   2   1       0.89437108
   11   3   2       9.96736566
   12   1   0       0.62862722
   12   2   1       0.90287770
   12   3   2       9.96303991
   13   1   0       0.68132459
   13   2   1       0.80036578
   13   3   2       9.94394093
   14   1   0       0.62034704
   14   2   1       0.89820722
   14   3   2       9.96451801
   15   1   0       0.61369820
   15   2   1       0.89704180
   15   3   2       9.96682981
   16   1   0       0.61346189
   16   2   1       0.89590317
   16   3   2       9.96696008
   17   1   0       0.62024669
   17   2   1       0.89792363
   17   3   2       9.96464724
   18   1   0       0.68296607
   18   2   1       0.80123739
   18   3   2       9.94332669
   19   1   0       0.66972050
   19   2   1       0.79309838
   19   3   2       9.94491698
   20   1   0       0.62040396
   20   2   1       0.89828959
   20   3   2       9.96459946
   21   1   0       0.61498530
   21   2   1       0.89600294
   21   3   2       9.96717427
   22   1   0       0.62007687
   22   2   1       0.89853487
   22   3   2       9.96460054
   23   1   0       0.66977207
   23   2   1       0.79345403
   23   3   2       9.94488845
   24   1   0       0.68287087
   24   2   1       0.80104824
   24   3   2       9.94332858
   25   1   0       0.62839629
   25   2   1       0.90284078
   25   3   2       9.96305918
   26   1   0       0.62816296
   26   2   1       0.90326031
   26   3   2       9.96309697
   27   1   0       0.68191456
   27   2   1       0.80124579
   27   3   2       9.94355998
   28   1   0       1.77852583
   28   2   1       4.71395906
   29   1   0       1.84389571
   29   2   1       4.68417584
   30   1   0       1.84564997
   30   2   1       4.67093430
   31   1   0       1.85230254
   31   2   1       4.69858437
   32   1   0       1.85600592
   32   2   1       4.71576963
   33   1   0       1.84270711
   33   2   1       4.68673637
   34   1   0       1.84271336
   34   2   1       4.68283960
   35   1   0       1.84796957
   35   2   1       4.69651791
   36   1   0       1.84868861
   36   2   1       4.70292667
   37   1   0       1.85304706
   37   2   1       4.69845971
   38   1   0       1.84822703
   38   2   1       4.69692065
   39   1   0       1.84278835
   39   2   1       4.68323013
   40   1   0       1.84330377
   40   2   1       4.68384862
   41   1   0       1.84752831
   41   2   1       4.69537893
   42   1   0       1.85164509
   42   2   1       4.69741262
   43   1   0       1.84499302
   43   2   1       4.67514197
   44   1   0       1.84357234
   44   2   1       4.68435802
   45   1   0       1.84328955
   45   2   1       4.68376879
   46   1   0       1.84340473
   46   2   1       4.68399419
   47   1   0       1.84477250
   47   2   1       4.67494286
   48   1   0       1.84475254
   48   2   1       4.67491128
   49   1   0       1.84749150
   49   2   1       4.69534195
   50   1   0       1.84750061
   50   2   1       4.69530892
   51   1   0       1.84488161
   51   2   1       4.67489953
   52   1   0       1.85157439
   52   2   1       4.69720254
   53   1   0       1.84876002
   53   2   1       4.70228443
   54   1   0       1.85203047
   54   2   1       4.69733332
   55   1   0       0.67414116
   55   2   1       0.78097486
   55   3   2       9.93935178
   56   1   0       0.62984252
   56   2   1       0.90310392
   56   3   2       9.96105983
   57   1   0       0.62995784
   57   2   1       0.90607116
   57   3   2       9.96271592
   58   1   0       0.68374837
   58   2   1       0.80284482
   58   3   2       9.94331173
   59   1   0       0.67414500
   59   2   1       0.79901990
   59   3   2       9.94445319
   60   1   0       0.61952473
   60   2   1       0.89282822
   60   3   2       9.96356766
   61   1   0       0.61395221
   61   2   1       0.89454197
   61   3   2       9.96694427
   62   1   0       0.62049704
   62   2   1       0.89945513
   62   3   2       9.96453436
   63   1   0       0.66999415
   63   2   1       0.79425785
   63   3   2       9.94476679
   64   1   0       0.68459032
   64   2   1       0.80176994
   64   3   2       9.94302215
   65   1   0       0.62089329
   65   2   1       0.89840087
   65   3   2       9.96422549
   66   1   0       0.61336601
   66   2   1       0.89517347
   66   3   2       9.96693198
   67   1   0       0.61355128
   67   2   1       0.89614364
   67   3   2       9.96698038
   68   1   0       0.62017549
   68   2   1       0.89888867
   68   3   2       9.96464915
   69   1   0       0.68210971
   69   2   1       0.80163803
   69   3   2       9.94349812
   70   1   0       0.62832961
   70   2   1       0.90261721
   70   3   2       9.96303790
   71   1   0       0.61497824
   71   2   1       0.89553913
   71   3   2       9.96723793
   72   1   0       0.61352847
   72   2   1       0.89570623
   72   3   2       9.96700042
   73   1   0       0.61497647
   73   2   1       0.89556048
   73   3   2       9.96723006
   74   1   0       0.62820071
   74   2   1       0.90328422
   74   3   2       9.96311475
   75   1   0       0.62801066
   75   2   1       0.90322031
   75   3   2       9.96318834
   76   1   0       0.62012946
   76   2   1       0.89836818
   76   3   2       9.96463988
   77   1   0       0.62023704
   77   2   1       0.89825405
   77   3   2       9.96459120
   78   1   0       0.62840206
   78   2   1       0.90284774
   78   3   2       9.96304788
   79   1   0       0.68182251
   79   2   1       0.80125753
   79   3   2       9.94358578
   80   1   0       0.66974053
   80   2   1       0.79341211
   80   3   2       9.94488441
   81   1   0       0.68274516
   81   2   1       0.80106796
   81   3   2       9.94336021
   82   1   0       1.83549600
   82   2   1       4.71911005
   83   1   0       1.84796277
   83   2   1       4.72948198
   84   1   0       1.85280346
   84   2   1       4.69831612
   85   1   0       1.84392642
   85   2   1       4.68518164
   86   1   0       1.84396558
   86   2   1       4.68659903
   87   1   0       1.84619803
   87   2   1       4.69100232
   88   1   0       1.84455005
   88   2   1       4.67370675
   89   1   0       1.84452963
   89   2   1       4.67369489
   90   1   0       1.84332449
   90   2   1       4.68559058
   91   1   0       1.84334745
   91   2   1       4.68457068
   92   1   0       1.84344143
   92   2   1       4.68383350
   93   1   0       1.84487664
   93   2   1       4.67478505
   94   1   0       1.85153885
   94   2   1       4.69688276
   95   1   0       1.84754579
   95   2   1       4.69531424
   96   1   0       1.84351787
   96   2   1       4.68454419
   97   1   0       1.84348809
   97   2   1       4.68417502
   98   1   0       1.84752730
   98   2   1       4.69531906
   99   1   0       1.85207416
   99   2   1       4.69737799
  100   1   0       1.84901804
  100   2   1       4.70204352
  101   1   0       1.84762218
  101   2   1       4.69548126
  102   1   0       1.84346910
  102   2   1       4.68421756
  103   1   0       1.84745216
  103   2   1       4.69531199
  104   1   0       1.84873390
  104   2   1       4.70233138
  105   1   0       1.85206706
  105   2   1       4.69747157
  106   1   0       1.84487584
  106   2   1       4.67499506
  107   1   0       1.84476750
  107   2   1       4.67491628
  108   1   0       1.85162080
  108   2   1       4.69725263
  109   1   0       0.64468228
  110   1   0       1.72684265
  110   2   1       4.59069853
  111   1   0       0.91565088
  112   1   0       1.21895840
  112   2   1       2.90485214
  113   1   0       1.15304272
  113   2   1       2.74440236
  114   1   0       1.21595526
  114   2   1       2.94557697
  115   1   0       0.92305961
  116   1   0       1.11547357
  116   2   1       2.57361900
  117   1   0       1.77886711
  117   2   1       4.72084319
  118   1   0       1.21886490
  118   2   1       2.87285559
  119   1   0       1.22507772
  119   2   1       2.95999412
  120   1   0       0.92568469
  121   1   0       0.91111604
  122   1   0       0.66936528
 
Orbital populations (up)
 Atom Sh.   l   m       Population  Label
    1   1   0   0       0.63770712  s
    1   2   1  -1       0.23018953  p_y
    1   2   1   0       0.32416783  p_z
    1   2   1   1       0.31736193  p_x
    1   3   2  -2       1.99832907  d_xy
    1   3   2  -1       1.99812977  d_yz
    1   3   2   0       1.98531307  d_z2
    1   3   2   1       1.99035745  d_xz
    1   3   2   2       1.99554629  d_x2-y2
    2   1   0   0       0.63741568  s
    2   2   1  -1       0.27916443  p_y
    2   2   1   0       0.32506310  p_z
    2   2   1   1       0.23883687  p_x
    2   3   2  -2       1.99180689  d_xy
    2   3   2  -1       1.99450905  d_yz
    2   3   2   0       1.98535449  d_z2
    2   3   2   1       1.99475973  d_xz
    2   3   2   2       1.99474777  d_x2-y2
    3   1   0   0       0.68315065  s
    3   2   1  -1       0.28127256  p_y
    3   2   1   0       0.32557621  p_z
    3   2   1   1       0.19803601  p_x
    3   3   2  -2       1.98612798  d_xy
    3   3   2  -1       1.99221936  d_yz
    3   3   2   0       1.98211307  d_z2
    3   3   2   1       1.98880189  d_xz
    3   3   2   2       1.99472685  d_x2-y2
    4   1   0   0       0.61863814  s
    4   2   1  -1       0.31799483  p_y
    4   2   1   0       0.29751918  p_z
    4   2   1   1       0.28734109  p_x
    4   3   2  -2       1.99312167  d_xy
    4   3   2  -1       1.99479615  d_yz
    4   3   2   0       1.98889414  d_z2
    4   3   2   1       1.99562173  d_xz
    4   3   2   2       1.99190011  d_x2-y2
    5   1   0   0       0.61422976  s
    5   2   1  -1       0.29142527  p_y
    5   2   1   0       0.30437927  p_z
    5   2   1   1       0.30573593  p_x
    5   3   2  -2       1.99260056  d_xy
    5   3   2  -1       1.99571042  d_yz
    5   3   2   0       1.98933852  d_z2
    5   3   2   1       1.99496773  d_xz
    5   3   2   2       1.99259801  d_x2-y2
    6   1   0   0       0.61826475  s
    6   2   1  -1       0.29812186  p_y
    6   2   1   0       0.30146425  p_z
    6   2   1   1       0.29587975  p_x
    6   3   2  -2       1.99277678  d_xy
    6   3   2  -1       1.99571057  d_yz
    6   3   2   0       1.98949360  d_z2
    6   3   2   1       1.99601977  d_xz
    6   3   2   2       1.99185433  d_x2-y2
    7   1   0   0       0.62827258  s
    7   2   1  -1       0.29247173  p_y
    7   2   1   0       0.28683251  p_z
    7   2   1   1       0.32440155  p_x
    7   3   2  -2       1.99030700  d_xy
    7   3   2  -1       1.99622092  d_yz
    7   3   2   0       1.98908566  d_z2
    7   3   2   1       1.99443921  d_xz
    7   3   2   2       1.99323492  d_x2-y2
    8   1   0   0       0.62796165  s
    8   2   1  -1       0.31059414  p_y
    8   2   1   0       0.28629455  p_z
    8   2   1   1       0.30405274  p_x
    8   3   2  -2       1.99213318  d_xy
    8   3   2  -1       1.99532887  d_yz
    8   3   2   0       1.98897000  d_z2
    8   3   2   1       1.99570956  d_xz
    8   3   2   2       1.99181427  d_x2-y2
    9   1   0   0       0.61443668  s
    9   2   1  -1       0.29921011  p_y
    9   2   1   0       0.29846763  p_z
    9   2   1   1       0.30118259  p_x
    9   3   2  -2       1.99252862  d_xy
    9   3   2  -1       1.99593266  d_yz
    9   3   2   0       1.98968524  d_z2
    9   3   2   1       1.99559368  d_xz
    9   3   2   2       1.99283425  d_x2-y2
   10   1   0   0       0.61329822  s
   10   2   1  -1       0.29569129  p_y
   10   2   1   0       0.29998408  p_z
   10   2   1   1       0.30071874  p_x
   10   3   2  -2       1.99265340  d_xy
   10   3   2  -1       1.99594923  d_yz
   10   3   2   0       1.98963894  d_z2
   10   3   2   1       1.99561874  d_xz
   10   3   2   2       1.99300897  d_x2-y2
   11   1   0   0       0.61502490  s
   11   2   1  -1       0.29654797  p_y
   11   2   1   0       0.29552713  p_z
   11   2   1   1       0.30229598  p_x
   11   3   2  -2       1.99244129  d_xy
   11   3   2  -1       1.99608250  d_yz
   11   3   2   0       1.98982800  d_z2
   11   3   2   1       1.99585141  d_xz
   11   3   2   2       1.99316246  d_x2-y2
   12   1   0   0       0.62862722  s
   12   2   1  -1       0.29125444  p_y
   12   2   1   0       0.28679782  p_z
   12   2   1   1       0.32482543  p_x
   12   3   2  -2       1.99034638  d_xy
   12   3   2  -1       1.99618703  d_yz
   12   3   2   0       1.98914990  d_z2
   12   3   2   1       1.99424409  d_xz
   12   3   2   2       1.99311251  d_x2-y2
   13   1   0   0       0.68132459  s
   13   2   1  -1       0.15058479  p_y
   13   2   1   0       0.32381574  p_z
   13   2   1   1       0.32596525  p_x
   13   3   2  -2       1.99561270  d_xy
   13   3   2  -1       1.99070292  d_yz
   13   3   2   0       1.98197244  d_z2
   13   3   2   1       1.99010066  d_xz
   13   3   2   2       1.98555220  d_x2-y2
   14   1   0   0       0.62034704  s
   14   2   1  -1       0.28672443  p_y
   14   2   1   0       0.30354373  p_z
   14   2   1   1       0.30793906  p_x
   14   3   2  -2       1.99124124  d_xy
   14   3   2  -1       1.99585816  d_yz
   14   3   2   0       1.98950201  d_z2
   14   3   2   1       1.99525573  d_xz
   14   3   2   2       1.99266086  d_x2-y2
   15   1   0   0       0.61369820  s
   15   2   1  -1       0.29553756  p_y
   15   2   1   0       0.30049957  p_z
   15   2   1   1       0.30100467  p_x
   15   3   2  -2       1.99275208  d_xy
   15   3   2  -1       1.99590667  d_yz
   15   3   2   0       1.98964901  d_z2
   15   3   2   1       1.99565585  d_xz
   15   3   2   2       1.99286620  d_x2-y2
   16   1   0   0       0.61346189  s
   16   2   1  -1       0.29756807  p_y
   16   2   1   0       0.29990093  p_z
   16   2   1   1       0.29843417  p_x
   16   3   2  -2       1.99267813  d_xy
   16   3   2  -1       1.99588505  d_yz
   16   3   2   0       1.98965889  d_z2
   16   3   2   1       1.99576282  d_xz
   16   3   2   2       1.99297520  d_x2-y2
   17   1   0   0       0.62024669  s
   17   2   1  -1       0.29917140  p_y
   17   2   1   0       0.30332431  p_z
   17   2   1   1       0.29542793  p_x
   17   3   2  -2       1.99211502  d_xy
   17   3   2  -1       1.99555476  d_yz
   17   3   2   0       1.98954590  d_z2
   17   3   2   1       1.99554290  d_xz
   17   3   2   2       1.99188866  d_x2-y2
   18   1   0   0       0.68296607  s
   18   2   1  -1       0.27753720  p_y
   18   2   1   0       0.32419060  p_z
   18   2   1   1       0.19950960  p_x
   18   3   2  -2       1.98595730  d_xy
   18   3   2  -1       1.99267172  d_yz
   18   3   2   0       1.98194903  d_z2
   18   3   2   1       1.98756873  d_xz
   18   3   2   2       1.99517991  d_x2-y2
   19   1   0   0       0.66972050  s
   19   2   1  -1       0.15441201  p_y
   19   2   1   0       0.32289568  p_z
   19   2   1   1       0.31579069  p_x
   19   3   2  -2       1.99548394  d_xy
   19   3   2  -1       1.99008992  d_yz
   19   3   2   0       1.98156318  d_z2
   19   3   2   1       1.99092201  d_xz
   19   3   2   2       1.98685792  d_x2-y2
   20   1   0   0       0.62040396  s
   20   2   1  -1       0.28716696  p_y
   20   2   1   0       0.30356287  p_z
   20   2   1   1       0.30755976  p_x
   20   3   2  -2       1.99126403  d_xy
   20   3   2  -1       1.99584460  d_yz
   20   3   2   0       1.98954254  d_z2
   20   3   2   1       1.99522960  d_xz
   20   3   2   2       1.99271869  d_x2-y2
   21   1   0   0       0.61498530  s
   21   2   1  -1       0.29958510  p_y
   21   2   1   0       0.29648902  p_z
   21   2   1   1       0.29992882  p_x
   21   3   2  -2       1.99289620  d_xy
   21   3   2  -1       1.99595705  d_yz
   21   3   2   0       1.98978880  d_z2
   21   3   2   1       1.99588452  d_xz
   21   3   2   2       1.99264769  d_x2-y2
   22   1   0   0       0.62007687  s
   22   2   1  -1       0.30320511  p_y
   22   2   1   0       0.30365181  p_z
   22   2   1   1       0.29167795  p_x
   22   3   2  -2       1.99252075  d_xy
   22   3   2  -1       1.99540300  d_yz
   22   3   2   0       1.98950410  d_z2
   22   3   2   1       1.99571316  d_xz
   22   3   2   2       1.99145953  d_x2-y2
   23   1   0   0       0.66977207  s
   23   2   1  -1       0.27361342  p_y
   23   2   1   0       0.32321801  p_z
   23   2   1   1       0.19662261  p_x
   23   3   2  -2       1.98872424  d_xy
   23   3   2  -1       1.99090668  d_yz
   23   3   2   0       1.98149854  d_z2
   23   3   2   1       1.99015092  d_xz
   23   3   2   2       1.99360808  d_x2-y2
   24   1   0   0       0.68287087  s
   24   2   1  -1       0.15183867  p_y
   24   2   1   0       0.32429237  p_z
   24   2   1   1       0.32491721  p_x
   24   3   2  -2       1.99535191  d_xy
   24   3   2  -1       1.99058524  d_yz
   24   3   2   0       1.98193114  d_z2
   24   3   2   1       1.98970981  d_xz
   24   3   2   2       1.98575049  d_x2-y2
   25   1   0   0       0.62839629  s
   25   2   1  -1       0.31104949  p_y
   25   2   1   0       0.28691888  p_z
   25   2   1   1       0.30487241  p_x
   25   3   2  -2       1.99141475  d_xy
   25   3   2  -1       1.99528911  d_yz
   25   3   2   0       1.98913060  d_z2
   25   3   2   1       1.99515495  d_xz
   25   3   2   2       1.99206978  d_x2-y2
   26   1   0   0       0.62816296  s
   26   2   1  -1       0.32091773  p_y
   26   2   1   0       0.28705667  p_z
   26   2   1   1       0.29528591  p_x
   26   3   2  -2       1.99332536  d_xy
   26   3   2  -1       1.99433268  d_yz
   26   3   2   0       1.98908507  d_z2
   26   3   2   1       1.99617652  d_xz
   26   3   2   2       1.99017734  d_x2-y2
   27   1   0   0       0.68191456  s
   27   2   1  -1       0.28309195  p_y
   27   2   1   0       0.32446600  p_z
   27   2   1   1       0.19368784  p_x
   27   3   2  -2       1.98981435  d_xy
   27   3   2  -1       1.98762468  d_yz
   27   3   2   0       1.98181705  d_z2
   27   3   2   1       1.99297394  d_xz
   27   3   2   2       1.99132996  d_x2-y2
   28   1   0   0       1.77852583  s
   28   2   1  -1       1.67861430  p_y
   28   2   1   0       1.62491548  p_z
   28   2   1   1       1.41042928  p_x
   29   1   0   0       1.84389571  s
   29   2   1  -1       1.59537331  p_y
   29   2   1   0       1.54662712  p_z
   29   2   1   1       1.54217541  p_x
   30   1   0   0       1.84564997  s
   30   2   1  -1       1.55598919  p_y
   30   2   1   0       1.55286544  p_z
   30   2   1   1       1.56207967  p_x
   31   1   0   0       1.85230254  s
   31   2   1  -1       1.69533600  p_y
   31   2   1   0       1.47463325  p_z
   31   2   1   1       1.52861512  p_x
   32   1   0   0       1.85600592  s
   32   2   1  -1       1.56520002  p_y
   32   2   1   0       1.47993173  p_z
   32   2   1   1       1.67063788  p_x
   33   1   0   0       1.84270711  s
   33   2   1  -1       1.57978194  p_y
   33   2   1   0       1.54473525  p_z
   33   2   1   1       1.56221918  p_x
   34   1   0   0       1.84271336  s
   34   2   1  -1       1.56088057  p_y
   34   2   1   0       1.55441360  p_z
   34   2   1   1       1.56754542  p_x
   35   1   0   0       1.84796957  s
   35   2   1  -1       1.58614584  p_y
   35   2   1   0       1.55108589  p_z
   35   2   1   1       1.55928618  p_x
   36   1   0   0       1.84868861  s
   36   2   1  -1       1.72799381  p_y
   36   2   1   0       1.46972804  p_z
   36   2   1   1       1.50520482  p_x
   37   1   0   0       1.85304706  s
   37   2   1  -1       1.59161361  p_y
   37   2   1   0       1.47563837  p_z
   37   2   1   1       1.63120772  p_x
   38   1   0   0       1.84822703  s
   38   2   1  -1       1.58363409  p_y
   38   2   1   0       1.55129774  p_z
   38   2   1   1       1.56198882  p_x
   39   1   0   0       1.84278835  s
   39   2   1  -1       1.56823674  p_y
   39   2   1   0       1.55314588  p_z
   39   2   1   1       1.56184750  p_x
   40   1   0   0       1.84330377  s
   40   2   1  -1       1.56545043  p_y
   40   2   1   0       1.55366714  p_z
   40   2   1   1       1.56473105  p_x
   41   1   0   0       1.84752831  s
   41   2   1  -1       1.58442689  p_y
   41   2   1   0       1.55033538  p_z
   41   2   1   1       1.56061666  p_x
   42   1   0   0       1.85164509  s
   42   2   1  -1       1.69618884  p_y
   42   2   1   0       1.47266944  p_z
   42   2   1   1       1.52855435  p_x
   43   1   0   0       1.84499302  s
   43   2   1  -1       1.61026989  p_y
   43   2   1   0       1.54398372  p_z
   43   2   1   1       1.52088836  p_x
   44   1   0   0       1.84357234  s
   44   2   1  -1       1.57791437  p_y
   44   2   1   0       1.55677122  p_z
   44   2   1   1       1.54967244  p_x
   45   1   0   0       1.84328955  s
   45   2   1  -1       1.56710409  p_y
   45   2   1   0       1.55394136  p_z
   45   2   1   1       1.56272334  p_x
   46   1   0   0       1.84340473  s
   46   2   1  -1       1.55962951  p_y
   46   2   1   0       1.55637218  p_z
   46   2   1   1       1.56799250  p_x
   47   1   0   0       1.84477250  s
   47   2   1  -1       1.55596147  p_y
   47   2   1   0       1.54368373  p_z
   47   2   1   1       1.57529767  p_x
   48   1   0   0       1.84475254  s
   48   2   1  -1       1.60806361  p_y
   48   2   1   0       1.54356675  p_z
   48   2   1   1       1.52328093  p_x
   49   1   0   0       1.84749150  s
   49   2   1  -1       1.57656477  p_y
   49   2   1   0       1.55030360  p_z
   49   2   1   1       1.56847358  p_x
   50   1   0   0       1.84750061  s
   50   2   1  -1       1.56103134  p_y
   50   2   1   0       1.55034960  p_z
   50   2   1   1       1.58392798  p_x
   51   1   0   0       1.84488161  s
   51   2   1  -1       1.53738725  p_y
   51   2   1   0       1.54408100  p_z
   51   2   1   1       1.59343128  p_x
   52   1   0   0       1.85157439  s
   52   2   1  -1       1.59082868  p_y
   52   2   1   0       1.47272170  p_z
   52   2   1   1       1.63365216  p_x
   53   1   0   0       1.84876002  s
   53   2   1  -1       1.55996063  p_y
   53   2   1   0       1.46982008  p_z
   53   2   1   1       1.67250373  p_x
   54   1   0   0       1.85203047  s
   54   2   1  -1       1.54818958  p_y
   54   2   1   0       1.47359387  p_z
   54   2   1   1       1.67554988  p_x
   55   1   0   0       0.67414116  s
   55   2   1  -1       0.29038340  p_y
   55   2   1   0       0.29911713  p_z
   55   2   1   1       0.19147434  p_x
   55   3   2  -2       1.98649046  d_xy
   55   3   2  -1       1.98086850  d_yz
   55   3   2   0       1.98956247  d_z2
   55   3   2   1       1.99619909  d_xz
   55   3   2   2       1.98623126  d_x2-y2
   56   1   0   0       0.62984252  s
   56   2   1  -1       0.32318106  p_y
   56   2   1   0       0.29598865  p_z
   56   2   1   1       0.28393421  p_x
   56   3   2  -2       1.99401230  d_xy
   56   3   2  -1       1.99323825  d_yz
   56   3   2   0       1.98922141  d_z2
   56   3   2   1       1.99610725  d_xz
   56   3   2   2       1.98848062  d_x2-y2
   57   1   0   0       0.62995784  s
   57   2   1  -1       0.31175494  p_y
   57   2   1   0       0.28744504  p_z
   57   2   1   1       0.30687118  p_x
   57   3   2  -2       1.99072199  d_xy
   57   3   2  -1       1.99537064  d_yz
   57   3   2   0       1.98955656  d_z2
   57   3   2   1       1.99498380  d_xz
   57   3   2   2       1.99208292  d_x2-y2
   58   1   0   0       0.68374837  s
   58   2   1  -1       0.15176941  p_y
   58   2   1   0       0.32574233  p_z
   58   2   1   1       0.32533307  p_x
   58   3   2  -2       1.99544585  d_xy
   58   3   2  -1       1.99094222  d_yz
   58   3   2   0       1.98190471  d_z2
   58   3   2   1       1.98959774  d_xz
   58   3   2   2       1.98542122  d_x2-y2
   59   1   0   0       0.67414500  s
   59   2   1  -1       0.27543454  p_y
   59   2   1   0       0.32384340  p_z
   59   2   1   1       0.19974196  p_x
   59   3   2  -2       1.98809416  d_xy
   59   3   2  -1       1.99099182  d_yz
   59   3   2   0       1.98262794  d_z2
   59   3   2   1       1.98889051  d_xz
   59   3   2   2       1.99384877  d_x2-y2
   60   1   0   0       0.61952473  s
   60   2   1  -1       0.30966391  p_y
   60   2   1   0       0.30125829  p_z
   60   2   1   1       0.28190602  p_x
   60   3   2  -2       1.99276406  d_xy
   60   3   2  -1       1.99455594  d_yz
   60   3   2   0       1.98932664  d_z2
   60   3   2   1       1.99626899  d_xz
   60   3   2   2       1.99065203  d_x2-y2
   61   1   0   0       0.61395221  s
   61   2   1  -1       0.30194071  p_y
   61   2   1   0       0.29761240  p_z
   61   2   1   1       0.29498887  p_x
   61   3   2  -2       1.99282246  d_xy
   61   3   2  -1       1.99563034  d_yz
   61   3   2   0       1.98969620  d_z2
   61   3   2   1       1.99608865  d_xz
   61   3   2   2       1.99270662  d_x2-y2
   62   1   0   0       0.62049704  s
   62   2   1  -1       0.28808811  p_y
   62   2   1   0       0.30479522  p_z
   62   2   1   1       0.30657180  p_x
   62   3   2  -2       1.99123308  d_xy
   62   3   2  -1       1.99578562  d_yz
   62   3   2   0       1.98951684  d_z2
   62   3   2   1       1.99523198  d_xz
   62   3   2   2       1.99276685  d_x2-y2
   63   1   0   0       0.66999415  s
   63   2   1  -1       0.15434723  p_y
   63   2   1   0       0.32393913  p_z
   63   2   1   1       0.31597150  p_x
   63   3   2  -2       1.99544912  d_xy
   63   3   2  -1       1.99023213  d_yz
   63   3   2   0       1.98130395  d_z2
   63   3   2   1       1.99091632  d_xz
   63   3   2   2       1.98686527  d_x2-y2
   64   1   0   0       0.68459032  s
   64   2   1  -1       0.27787605  p_y
   64   2   1   0       0.32411275  p_z
   64   2   1   1       0.19978114  p_x
   64   3   2  -2       1.98576990  d_xy
   64   3   2  -1       1.99271118  d_yz
   64   3   2   0       1.98218478  d_z2
   64   3   2   1       1.98709032  d_xz
   64   3   2   2       1.99526598  d_x2-y2
   65   1   0   0       0.62089329  s
   65   2   1  -1       0.30213550  p_y
   65   2   1   0       0.30367484  p_z
   65   2   1   1       0.29259053  p_x
   65   3   2  -2       1.99221248  d_xy
   65   3   2  -1       1.99530658  d_yz
   65   3   2   0       1.98958303  d_z2
   65   3   2   1       1.99551795  d_xz
   65   3   2   2       1.99160544  d_x2-y2
   66   1   0   0       0.61336601  s
   66   2   1  -1       0.30218179  p_y
   66   2   1   0       0.29946284  p_z
   66   2   1   1       0.29352885  p_x
   66   3   2  -2       1.99280019  d_xy
   66   3   2  -1       1.99561640  d_yz
   66   3   2   0       1.98961705  d_z2
   66   3   2   1       1.99609063  d_xz
   66   3   2   2       1.99280771  d_x2-y2
   67   1   0   0       0.61355128  s
   67   2   1  -1       0.29770455  p_y
   67   2   1   0       0.30020423  p_z
   67   2   1   1       0.29823486  p_x
   67   3   2  -2       1.99290998  d_xy
   67   3   2  -1       1.99577684  d_yz
   67   3   2   0       1.98962892  d_z2
   67   3   2   1       1.99590258  d_xz
   67   3   2   2       1.99276205  d_x2-y2
   68   1   0   0       0.62017549  s
   68   2   1  -1       0.28822922  p_y
   68   2   1   0       0.30391162  p_z
   68   2   1   1       0.30674783  p_x
   68   3   2  -2       1.99131711  d_xy
   68   3   2  -1       1.99581685  d_yz
   68   3   2   0       1.98950914  d_z2
   68   3   2   1       1.99529950  d_xz
   68   3   2   2       1.99270655  d_x2-y2
   69   1   0   0       0.68210971  s
   69   2   1  -1       0.15133828  p_y
   69   2   1   0       0.32459051  p_z
   69   2   1   1       0.32570924  p_x
   69   3   2  -2       1.99553810  d_xy
   69   3   2  -1       1.99073281  d_yz
   69   3   2   0       1.98177336  d_z2
   69   3   2   1       1.98982562  d_xz
   69   3   2   2       1.98562822  d_x2-y2
   70   1   0   0       0.62832961  s
   70   2   1  -1       0.29184151  p_y
   70   2   1   0       0.28690849  p_z
   70   2   1   1       0.32386721  p_x
   70   3   2  -2       1.99041779  d_xy
   70   3   2  -1       1.99617111  d_yz
   70   3   2   0       1.98913977  d_z2
   70   3   2   1       1.99423555  d_xz
   70   3   2   2       1.99307367  d_x2-y2
   71   1   0   0       0.61497824  s
   71   2   1  -1       0.30044653  p_y
   71   2   1   0       0.29620422  p_z
   71   2   1   1       0.29888838  p_x
   71   3   2  -2       1.99239879  d_xy
   71   3   2  -1       1.99589086  d_yz
   71   3   2   0       1.98980229  d_z2
   71   3   2   1       1.99599181  d_xz
   71   3   2   2       1.99315417  d_x2-y2
   72   1   0   0       0.61352847  s
   72   2   1  -1       0.30067426  p_y
   72   2   1   0       0.29978004  p_z
   72   2   1   1       0.29525193  p_x
   72   3   2  -2       1.99278835  d_xy
   72   3   2  -1       1.99571821  d_yz
   72   3   2   0       1.98964912  d_z2
   72   3   2   1       1.99597530  d_xz
   72   3   2   2       1.99286944  d_x2-y2
   73   1   0   0       0.61497647  s
   73   2   1  -1       0.30101773  p_y
   73   2   1   0       0.29633050  p_z
   73   2   1   1       0.29821224  p_x
   73   3   2  -2       1.99300909  d_xy
   73   3   2  -1       1.99585986  d_yz
   73   3   2   0       1.98978636  d_z2
   73   3   2   1       1.99602139  d_xz
   73   3   2   2       1.99255337  d_x2-y2
   74   1   0   0       0.62820071  s
   74   2   1  -1       0.31151197  p_y
   74   2   1   0       0.28703296  p_z
   74   2   1   1       0.30473930  p_x
   74   3   2  -2       1.99162633  d_xy
   74   3   2  -1       1.99527519  d_yz
   74   3   2   0       1.98909138  d_z2
   74   3   2   1       1.99523131  d_xz
   74   3   2   2       1.99189054  d_x2-y2
   75   1   0   0       0.62801066  s
   75   2   1  -1       0.29240701  p_y
   75   2   1   0       0.28697875  p_z
   75   2   1   1       0.32383455  p_x
   75   3   2  -2       1.99032804  d_xy
   75   3   2  -1       1.99616039  d_yz
   75   3   2   0       1.98907359  d_z2
   75   3   2   1       1.99440322  d_xz
   75   3   2   2       1.99322311  d_x2-y2
   76   1   0   0       0.62012946  s
   76   2   1  -1       0.30160927  p_y
   76   2   1   0       0.30353815  p_z
   76   2   1   1       0.29322075  p_x
   76   3   2  -2       1.99214678  d_xy
   76   3   2  -1       1.99542198  d_yz
   76   3   2   0       1.98951839  d_z2
   76   3   2   1       1.99570464  d_xz
   76   3   2   2       1.99184808  d_x2-y2
   77   1   0   0       0.62023704  s
   77   2   1  -1       0.30502098  p_y
   77   2   1   0       0.30349622  p_z
   77   2   1   1       0.28973685  p_x
   77   3   2  -2       1.99257733  d_xy
   77   3   2  -1       1.99525324  d_yz
   77   3   2   0       1.98952999  d_z2
   77   3   2   1       1.99583025  d_xz
   77   3   2   2       1.99140038  d_x2-y2
   78   1   0   0       0.62840206  s
   78   2   1  -1       0.32132929  p_y
   78   2   1   0       0.28692914  p_z
   78   2   1   1       0.29458931  p_x
   78   3   2  -2       1.99345785  d_xy
   78   3   2  -1       1.99420532  d_yz
   78   3   2   0       1.98913000  d_z2
   78   3   2   1       1.99623859  d_xz
   78   3   2   2       1.99001613  d_x2-y2
   79   1   0   0       0.68182251  s
   79   2   1  -1       0.28065566  p_y
   79   2   1   0       0.32444122  p_z
   79   2   1   1       0.19616065  p_x
   79   3   2  -2       1.98632904  d_xy
   79   3   2  -1       1.99250841  d_yz
   79   3   2   0       1.98182759  d_z2
   79   3   2   1       1.98810913  d_xz
   79   3   2   2       1.99481161  d_x2-y2
   80   1   0   0       0.66974053  s
   80   2   1  -1       0.27686722  p_y
   80   2   1   0       0.32317946  p_z
   80   2   1   1       0.19336543  p_x
   80   3   2  -2       1.98924297  d_xy
   80   3   2  -1       1.99055939  d_yz
   80   3   2   0       1.98149284  d_z2
   80   3   2   1       1.99048969  d_xz
   80   3   2   2       1.99309953  d_x2-y2
   81   1   0   0       0.68274516  s
   81   2   1  -1       0.28603919  p_y
   81   2   1   0       0.32424003  p_z
   81   2   1   1       0.19078875  p_x
   81   3   2  -2       1.99040726  d_xy
   81   3   2  -1       1.98723083  d_yz
   81   3   2   0       1.98192650  d_z2
   81   3   2   1       1.99307201  d_xz
   81   3   2   2       1.99072360  d_x2-y2
   82   1   0   0       1.83549600  s
   82   2   1  -1       1.51872218  p_y
   82   2   1   0       1.49843048  p_z
   82   2   1   1       1.70195740  p_x
   83   1   0   0       1.84796277  s
   83   2   1  -1       1.54752372  p_y
   83   2   1   0       1.49367961  p_z
   83   2   1   1       1.68827866  p_x
   84   1   0   0       1.85280346  s
   84   2   1  -1       1.59203436  p_y
   84   2   1   0       1.47393194  p_z
   84   2   1   1       1.63234983  p_x
   85   1   0   0       1.84392642  s
   85   2   1  -1       1.53135228  p_y
   85   2   1   0       1.54426208  p_z
   85   2   1   1       1.60956727  p_x
   86   1   0   0       1.84396558  s
   86   2   1  -1       1.53814374  p_y
   86   2   1   0       1.55079785  p_z
   86   2   1   1       1.59765744  p_x
   87   1   0   0       1.84619803  s
   87   2   1  -1       1.57007941  p_y
   87   2   1   0       1.54955239  p_z
   87   2   1   1       1.57137051  p_x
   88   1   0   0       1.84455005  s
   88   2   1  -1       1.60611178  p_y
   88   2   1   0       1.54390275  p_z
   88   2   1   1       1.52369222  p_x
   89   1   0   0       1.84452963  s
   89   2   1  -1       1.55675294  p_y
   89   2   1   0       1.53998931  p_z
   89   2   1   1       1.57695264  p_x
   90   1   0   0       1.84332449  s
   90   2   1  -1       1.55254778  p_y
   90   2   1   0       1.55638284  p_z
   90   2   1   1       1.57665996  p_x
   91   1   0   0       1.84334745  s
   91   2   1  -1       1.55832338  p_y
   91   2   1   0       1.55443779  p_z
   91   2   1   1       1.57180951  p_x
   92   1   0   0       1.84344143  s
   92   2   1  -1       1.57290212  p_y
   92   2   1   0       1.55674282  p_z
   92   2   1   1       1.55418856  p_x
   93   1   0   0       1.84487664  s
   93   2   1  -1       1.60632516  p_y
   93   2   1   0       1.54429608  p_z
   93   2   1   1       1.52416381  p_x
   94   1   0   0       1.85153885  s
   94   2   1  -1       1.69587327  p_y
   94   2   1   0       1.47204240  p_z
   94   2   1   1       1.52896709  p_x
   95   1   0   0       1.84754579  s
   95   2   1  -1       1.58039988  p_y
   95   2   1   0       1.54992332  p_z
   95   2   1   1       1.56499105  p_x
   96   1   0   0       1.84351787  s
   96   2   1  -1       1.55785877  p_y
   96   2   1   0       1.55455092  p_z
   96   2   1   1       1.57213450  p_x
   97   1   0   0       1.84348809  s
   97   2   1  -1       1.56203975  p_y
   97   2   1   0       1.55448020  p_z
   97   2   1   1       1.56765508  p_x
   98   1   0   0       1.84752730  s
   98   2   1  -1       1.57394014  p_y
   98   2   1   0       1.55053604  p_z
   98   2   1   1       1.57084289  p_x
   99   1   0   0       1.85207416  s
   99   2   1  -1       1.59252243  p_y
   99   2   1   0       1.47354260  p_z
   99   2   1   1       1.63131295  p_x
  100   1   0   0       1.84901804  s
  100   2   1  -1       1.72620760  p_y
  100   2   1   0       1.47003772  p_z
  100   2   1   1       1.50579820  p_x
  101   1   0   0       1.84762218  s
  101   2   1  -1       1.57969453  p_y
  101   2   1   0       1.55049083  p_z
  101   2   1   1       1.56529589  p_x
  102   1   0   0       1.84346910  s
  102   2   1  -1       1.55491510  p_y
  102   2   1   0       1.55664318  p_z
  102   2   1   1       1.57265927  p_x
  103   1   0   0       1.84745216  s
  103   2   1  -1       1.55825945  p_y
  103   2   1   0       1.55025161  p_z
  103   2   1   1       1.58680093  p_x
  104   1   0   0       1.84873390  s
  104   2   1  -1       1.56211878  p_y
  104   2   1   0       1.46976377  p_z
  104   2   1   1       1.67044883  p_x
  105   1   0   0       1.85206706  s
  105   2   1  -1       1.69476941  p_y
  105   2   1   0       1.47365152  p_z
  105   2   1   1       1.52905064  p_x
  106   1   0   0       1.84487584  s
  106   2   1  -1       1.55158153  p_y
  106   2   1   0       1.54408102  p_z
  106   2   1   1       1.57933251  p_x
  107   1   0   0       1.84476750  s
  107   2   1  -1       1.53377296  p_y
  107   2   1   0       1.54371610  p_z
  107   2   1   1       1.59742722  p_x
  108   1   0   0       1.85162080  s
  108   2   1  -1       1.55004424  p_y
  108   2   1   0       1.47278142  p_z
  108   2   1   1       1.67442697  p_x
  109   1   0   0       0.64468228  s
  110   1   0   0       1.72684265  s
  110   2   1  -1       1.82974760  p_y
  110   2   1   0       1.21873061  p_z
  110   2   1   1       1.54222032  p_x
  111   1   0   0       0.91565088  s
  112   1   0   0       1.21895840  s
  112   2   1  -1       0.93620864  p_y
  112   2   1   0       0.96827362  p_z
  112   2   1   1       1.00036988  p_x
  113   1   0   0       1.15304272  s
  113   2   1  -1       0.93889460  p_y
  113   2   1   0       0.85746761  p_z
  113   2   1   1       0.94804015  p_x
  114   1   0   0       1.21595526  s
  114   2   1  -1       0.94392280  p_y
  114   2   1   0       0.98195573  p_z
  114   2   1   1       1.01969845  p_x
  115   1   0   0       0.92305961  s
  116   1   0   0       1.11547357  s
  116   2   1  -1       0.79797611  p_y
  116   2   1   0       0.87405232  p_z
  116   2   1   1       0.90159057  p_x
  117   1   0   0       1.77886711  s
  117   2   1  -1       1.48641251  p_y
  117   2   1   0       1.62251967  p_z
  117   2   1   1       1.61191101  p_x
  118   1   0   0       1.21886490  s
  118   2   1  -1       0.92590401  p_y
  118   2   1   0       0.96835082  p_z
  118   2   1   1       0.97860076  p_x
  119   1   0   0       1.22507772  s
  119   2   1  -1       0.94400759  p_y
  119   2   1   0       0.98527645  p_z
  119   2   1   1       1.03071008  p_x
  120   1   0   0       0.92568469  s
  121   1   0   0       0.91111604  s
  122   1   0   0       0.66936528  s
 
Fermi level:                        -0.1339013509 H           -3.6436 eV
Band energy:                      -407.0200881388 H       -11075.5801 eV
TS:                                  0.0000000000 H            0.0000 eV
Band free energy (E-TS):          -407.0200881388 H       -11075.5801 eV
Extrapolated E(0K):               -407.0200881388 H       -11075.5801 eV
Input / Output electrons (q):   1014.0000000000   1014.0000000000
 
Energy H0:                        -443.5951949430 H       -12070.8394 eV
Energy SCC:                          0.8924875789 H           24.2858 eV
Total Electronic energy:          -442.7027073642 H       -12046.5536 eV
Repulsive energy:                    2.1297862869 H           57.9544 eV
Total energy:                     -440.5729210772 H       -11988.5992 eV
Extrapolated to 0:                -440.5729210772 H       -11988.5992 eV
Total Mermin free energy:         -440.5729210772 H       -11988.5992 eV
Force related energy:             -440.5729210772 H       -11988.5992 eV
 
SCC is NOT converged, maximal SCC iterations exceeded
 
