 KPT  1  SPIN  1  KWEIGHT  1.999999999999999E-002
     1   -20.623  2.00000
     2   -19.353  2.00000
     3   -17.382  2.00000
     4   -16.315  2.00000
     5   -15.453  2.00000
     6   -15.042  2.00000
     7   -14.901  2.00000
     8   -13.013  2.00000
     9   -11.983  2.00000
    10   -11.536  2.00000
    11   -10.619  2.00000
    12   -10.541  2.00000
    13   -10.269  2.00000
    14    -9.982  2.00000
    15    -8.975  2.00000
    16    -8.884  2.00000
    17    -8.424  2.00000
    18    -7.384  2.00000
    19    -7.017  2.00000
    20    -6.884  2.00000
    21    -6.021  2.00000
    22    -4.473  2.00000
    23    -4.295  0.00000
    24    -2.502  0.00000
    25    -1.485  0.00000
    26     1.801  0.00000
    27     4.498  0.00000
    28     7.154  0.00000
    29     7.486  0.00000
    30     9.987  0.00000
    31    11.968  0.00000
    32    12.752  0.00000
    33    14.458  0.00000
    34    14.521  0.00000
    35    15.658  0.00000
    36    16.706  0.00000
    37    17.762  0.00000
    38    18.118  0.00000
    39    18.987  0.00000
    40    20.640  0.00000
    41    23.091  0.00000
    42    25.159  0.00000
    43    27.159  0.00000
    44    27.492  0.00000
 
 KPT  2  SPIN  1  KWEIGHT  1.999999999999999E-002
     1   -20.622  2.00000
     2   -19.352  2.00000
     3   -17.382  2.00000
     4   -16.326  2.00000
     5   -15.467  2.00000
     6   -15.029  2.00000
     7   -14.889  2.00000
     8   -13.018  2.00000
     9   -11.980  2.00000
    10   -11.532  2.00000
    11   -10.625  2.00000
    12   -10.538  2.00000
    13   -10.268  2.00000
    14    -9.979  2.00000
    15    -8.974  2.00000
    16    -8.882  2.00000
    17    -8.428  2.00000
    18    -7.385  2.00000
    19    -7.019  2.00000
    20    -6.884  2.00000
    21    -6.027  2.00000
    22    -4.526  2.00000
    23    -4.241  0.00000
    24    -2.495  0.00000
    25    -1.486  0.00000
    26     1.799  0.00000
    27     4.495  0.00000
    28     7.158  0.00000
    29     7.488  0.00000
    30     9.990  0.00000
    31    11.966  0.00000
    32    12.751  0.00000
    33    14.455  0.00000
    34    14.525  0.00000
    35    15.661  0.00000
    36    16.694  0.00000
    37    17.765  0.00000
    38    18.131  0.00000
    39    18.987  0.00000
    40    20.637  0.00000
    41    23.088  0.00000
    42    25.155  0.00000
    43    27.155  0.00000
    44    27.489  0.00000
 
 KPT  3  SPIN  1  KWEIGHT  1.999999999999999E-002
     1   -20.620  2.00000
     2   -19.350  2.00000
     3   -17.381  2.00000
     4   -16.347  2.00000
     5   -15.494  2.00000
     6   -15.006  2.00000
     7   -14.866  2.00000
     8   -13.028  2.00000
     9   -11.973  2.00000
    10   -11.524  2.00000
    11   -10.636  2.00000
    12   -10.533  2.00000
    13   -10.266  2.00000
    14    -9.973  2.00000
    15    -8.972  2.00000
    16    -8.878  2.00000
    17    -8.434  2.00000
    18    -7.387  2.00000
    19    -7.023  2.00000
    20    -6.883  2.00000
    21    -6.038  2.00000
    22    -4.595  2.00000
    23    -4.170  0.00000
    24    -2.481  0.00000
    25    -1.486  0.00000
    26     1.795  0.00000
    27     4.490  0.00000
    28     7.167  0.00000
    29     7.491  0.00000
    30     9.995  0.00000
    31    11.962  0.00000
    32    12.748  0.00000
    33    14.449  0.00000
    34    14.532  0.00000
    35    15.665  0.00000
    36    16.670  0.00000
    37    17.772  0.00000
    38    18.156  0.00000
    39    18.986  0.00000
    40    20.631  0.00000
    41    23.081  0.00000
    42    25.147  0.00000
    43    27.146  0.00000
    44    27.482  0.00000
 
 KPT  4  SPIN  1  KWEIGHT  1.999999999999999E-002
     1   -20.617  2.00000
     2   -19.347  2.00000
     3   -17.379  2.00000
     4   -16.378  2.00000
     5   -15.529  2.00000
     6   -14.976  2.00000
     7   -14.832  2.00000
     8   -13.043  2.00000
     9   -11.962  2.00000
    10   -11.513  2.00000
    11   -10.653  2.00000
    12   -10.525  2.00000
    13   -10.262  2.00000
    14    -9.964  2.00000
    15    -8.969  2.00000
    16    -8.873  2.00000
    17    -8.443  2.00000
    18    -7.391  2.00000
    19    -7.029  2.00000
    20    -6.883  2.00000
    21    -6.055  2.00000
    22    -4.669  2.00000
    23    -4.094  0.00000
    24    -2.460  0.00000
    25    -1.487  0.00000
    26     1.789  0.00000
    27     4.482  0.00000
    28     7.179  0.00000
    29     7.496  0.00000
    30    10.003  0.00000
    31    11.957  0.00000
    32    12.743  0.00000
    33    14.442  0.00000
    34    14.541  0.00000
    35    15.672  0.00000
    36    16.635  0.00000
    37    17.782  0.00000
    38    18.191  0.00000
    39    18.985  0.00000
    40    20.621  0.00000
    41    23.072  0.00000
    42    25.136  0.00000
    43    27.133  0.00000
    44    27.472  0.00000
 
 KPT  5  SPIN  1  KWEIGHT  1.999999999999999E-002
     1   -20.612  2.00000
     2   -19.343  2.00000
     3   -17.377  2.00000
     4   -16.416  2.00000
     5   -15.572  2.00000
     6   -14.942  2.00000
     7   -14.789  2.00000
     8   -13.063  2.00000
     9   -11.948  2.00000
    10   -11.499  2.00000
    11   -10.674  2.00000
    12   -10.514  2.00000
    13   -10.257  2.00000
    14    -9.953  2.00000
    15    -8.965  2.00000
    16    -8.867  2.00000
    17    -8.456  2.00000
    18    -7.396  2.00000
    19    -7.037  2.00000
    20    -6.883  2.00000
    21    -6.077  2.00000
    22    -4.744  2.00000
    23    -4.016  0.00000
    24    -2.433  0.00000
    25    -1.488  0.00000
    26     1.781  0.00000
    27     4.471  0.00000
    28     7.196  0.00000
    29     7.503  0.00000
    30    10.013  0.00000
    31    11.950  0.00000
    32    12.737  0.00000
    33    14.434  0.00000
    34    14.552  0.00000
    35    15.680  0.00000
    36    16.592  0.00000
    37    17.795  0.00000
    38    18.235  0.00000
    39    18.984  0.00000
    40    20.609  0.00000
    41    23.058  0.00000
    42    25.121  0.00000
    43    27.115  0.00000
    44    27.459  0.00000
 
 KPT  6  SPIN  1  KWEIGHT  1.999999999999999E-002
     1   -20.607  2.00000
     2   -19.338  2.00000
     3   -17.375  2.00000
     4   -16.461  2.00000
     5   -15.618  2.00000
     6   -14.904  2.00000
     7   -14.738  2.00000
     8   -13.087  2.00000
     9   -11.931  2.00000
    10   -11.482  2.00000
    11   -10.699  2.00000
    12   -10.500  2.00000
    13   -10.252  2.00000
    14    -9.940  2.00000
    15    -8.960  2.00000
    16    -8.858  2.00000
    17    -8.471  2.00000
    18    -7.403  2.00000
    19    -7.047  2.00000
    20    -6.882  2.00000
    21    -6.104  2.00000
    22    -4.820  2.00000
    23    -3.937  0.00000
    24    -2.399  0.00000
    25    -1.489  0.00000
    26     1.772  0.00000
    27     4.458  0.00000
    28     7.217  0.00000
    29     7.512  0.00000
    30    10.026  0.00000
    31    11.942  0.00000
    32    12.729  0.00000
    33    14.425  0.00000
    34    14.563  0.00000
    35    15.691  0.00000
    36    16.541  0.00000
    37    17.812  0.00000
    38    18.286  0.00000
    39    18.984  0.00000
    40    20.593  0.00000
    41    23.042  0.00000
    42    25.102  0.00000
    43    27.093  0.00000
    44    27.442  0.00000
 
 KPT  7  SPIN  1  KWEIGHT  1.999999999999999E-002
     1   -20.601  2.00000
     2   -19.332  2.00000
     3   -17.372  2.00000
     4   -16.512  2.00000
     5   -15.668  2.00000
     6   -14.865  2.00000
     7   -14.680  2.00000
     8   -13.115  2.00000
     9   -11.910  2.00000
    10   -11.462  2.00000
    11   -10.727  2.00000
    12   -10.484  2.00000
    13   -10.244  2.00000
    14    -9.925  2.00000
    15    -8.954  2.00000
    16    -8.849  2.00000
    17    -8.489  2.00000
    18    -7.411  2.00000
    19    -7.059  2.00000
    20    -6.882  2.00000
    21    -6.136  2.00000
    22    -4.895  2.00000
    23    -3.858  0.00000
    24    -2.360  0.00000
    25    -1.491  0.00000
    26     1.760  0.00000
    27     4.442  0.00000
    28     7.242  0.00000
    29     7.522  0.00000
    30    10.041  0.00000
    31    11.933  0.00000
    32    12.719  0.00000
    33    14.415  0.00000
    34    14.576  0.00000
    35    15.703  0.00000
    36    16.485  0.00000
    37    17.832  0.00000
    38    18.341  0.00000
    39    18.985  0.00000
    40    20.574  0.00000
    41    23.023  0.00000
    42    25.080  0.00000
    43    27.067  0.00000
    44    27.423  0.00000
 
 KPT  8  SPIN  1  KWEIGHT  1.999999999999999E-002
     1   -20.593  2.00000
     2   -19.325  2.00000
     3   -17.369  2.00000
     4   -16.568  2.00000
     5   -15.721  2.00000
     6   -14.825  2.00000
     7   -14.617  2.00000
     8   -13.146  2.00000
     9   -11.886  2.00000
    10   -11.440  2.00000
    11   -10.759  2.00000
    12   -10.465  2.00000
    13   -10.236  2.00000
    14    -9.909  2.00000
    15    -8.946  2.00000
    16    -8.839  2.00000
    17    -8.510  2.00000
    18    -7.420  2.00000
    19    -7.073  2.00000
    20    -6.881  2.00000
    21    -6.172  2.00000
    22    -4.971  2.00000
    23    -3.777  0.00000
    24    -2.315  0.00000
    25    -1.492  0.00000
    26     1.747  0.00000
    27     4.424  0.00000
    28     7.270  0.00000
    29     7.535  0.00000
    30    10.058  0.00000
    31    11.924  0.00000
    32    12.707  0.00000
    33    14.405  0.00000
    34    14.590  0.00000
    35    15.716  0.00000
    36    16.425  0.00000
    37    17.855  0.00000
    38    18.399  0.00000
    39    18.988  0.00000
    40    20.552  0.00000
    41    23.001  0.00000
    42    25.053  0.00000
    43    27.036  0.00000
    44    27.400  0.00000
 
 KPT  9  SPIN  1  KWEIGHT  1.999999999999999E-002
     1   -20.585  2.00000
     2   -19.318  2.00000
     3   -17.366  2.00000
     4   -16.626  2.00000
     5   -15.775  2.00000
     6   -14.785  2.00000
     7   -14.549  2.00000
     8   -13.180  2.00000
     9   -11.859  2.00000
    10   -11.416  2.00000
    11   -10.794  2.00000
    12   -10.443  2.00000
    13   -10.227  2.00000
    14    -9.892  2.00000
    15    -8.938  2.00000
    16    -8.827  2.00000
    17    -8.534  2.00000
    18    -7.431  2.00000
    19    -7.089  2.00000
    20    -6.881  2.00000
    21    -6.212  2.00000
    22    -5.046  2.00000
    23    -3.697  0.00000
    24    -2.264  0.00000
    25    -1.494  0.00000
    26     1.731  0.00000
    27     4.402  0.00000
    28     7.303  0.00000
    29     7.549  0.00000
    30    10.076  0.00000
    31    11.913  0.00000
    32    12.694  0.00000
    33    14.394  0.00000
    34    14.604  0.00000
    35    15.731  0.00000
    36    16.362  0.00000
    37    17.882  0.00000
    38    18.456  0.00000
    39    18.996  0.00000
    40    20.527  0.00000
    41    22.975  0.00000
    42    25.024  0.00000
    43    27.002  0.00000
    44    27.374  0.00000
 
 KPT  10  SPIN  1  KWEIGHT  1.999999999999999E-002
     1   -20.576  2.00000
     2   -19.309  2.00000
     3   -17.362  2.00000
     4   -16.688  2.00000
     5   -15.831  2.00000
     6   -14.744  2.00000
     7   -14.477  2.00000
     8   -13.217  2.00000
     9   -11.829  2.00000
    10   -11.391  2.00000
    11   -10.831  2.00000
    12   -10.419  2.00000
    13   -10.216  2.00000
    14    -9.874  2.00000
    15    -8.929  2.00000
    16    -8.815  2.00000
    17    -8.560  2.00000
    18    -7.444  2.00000
    19    -7.106  2.00000
    20    -6.880  2.00000
    21    -6.256  2.00000
    22    -5.121  2.00000
    23    -3.616  0.00000
    24    -2.208  0.00000
    25    -1.497  0.00000
    26     1.714  0.00000
    27     4.379  0.00000
    28     7.339  0.00000
    29     7.566  0.00000
    30    10.096  0.00000
    31    11.903  0.00000
    32    12.678  0.00000
    33    14.382  0.00000
    34    14.620  0.00000
    35    15.746  0.00000
    36    16.297  0.00000
    37    17.913  0.00000
    38    18.511  0.00000
    39    19.008  0.00000
    40    20.499  0.00000
    41    22.947  0.00000
    42    24.991  0.00000
    43    26.963  0.00000
    44    27.344  0.00000
 
 KPT  11  SPIN  1  KWEIGHT  1.999999999999999E-002
     1   -20.565  2.00000
     2   -19.299  2.00000
     3   -17.358  2.00000
     4   -16.751  2.00000
     5   -15.888  2.00000
     6   -14.704  2.00000
     7   -14.403  2.00000
     8   -13.256  2.00000
     9   -11.797  2.00000
    10   -11.364  2.00000
    11   -10.869  2.00000
    12   -10.393  2.00000
    13   -10.205  2.00000
    14    -9.855  2.00000
    15    -8.919  2.00000
    16    -8.802  2.00000
    17    -8.588  2.00000
    18    -7.458  2.00000
    19    -7.126  2.00000
    20    -6.880  2.00000
    21    -6.303  2.00000
    22    -5.195  2.00000
    23    -3.534  0.00000
    24    -2.148  0.00000
    25    -1.499  0.00000
    26     1.695  0.00000
    27     4.352  0.00000
    28     7.379  0.00000
    29     7.584  0.00000
    30    10.118  0.00000
    31    11.893  0.00000
    32    12.660  0.00000
    33    14.370  0.00000
    34    14.636  0.00000
    35    15.762  0.00000
    36    16.231  0.00000
    37    17.947  0.00000
    38    18.559  0.00000
    39    19.029  0.00000
    40    20.468  0.00000
    41    22.916  0.00000
    42    24.954  0.00000
    43    26.920  0.00000
    44    27.312  0.00000
 
 KPT  12  SPIN  1  KWEIGHT  1.999999999999999E-002
     1   -20.553  2.00000
     2   -19.289  2.00000
     3   -17.355  2.00000
     4   -16.815  2.00000
     5   -15.946  2.00000
     6   -14.665  2.00000
     7   -14.325  2.00000
     8   -13.296  2.00000
     9   -11.762  2.00000
    10   -11.337  2.00000
    11   -10.910  2.00000
    12   -10.365  2.00000
    13   -10.192  2.00000
    14    -9.836  2.00000
    15    -8.907  2.00000
    16    -8.789  2.00000
    17    -8.619  2.00000
    18    -7.475  2.00000
    19    -7.147  2.00000
    20    -6.879  2.00000
    21    -6.352  2.00000
    22    -5.269  2.00000
    23    -3.453  0.00000
    24    -2.084  0.00000
    25    -1.502  0.00000
    26     1.674  0.00000
    27     4.323  0.00000
    28     7.422  0.00000
    29     7.605  0.00000
    30    10.141  0.00000
    31    11.884  0.00000
    32    12.640  0.00000
    33    14.356  0.00000
    34    14.654  0.00000
    35    15.778  0.00000
    36    16.166  0.00000
    37    17.984  0.00000
    38    18.597  0.00000
    39    19.061  0.00000
    40    20.434  0.00000
    41    22.883  0.00000
    42    24.915  0.00000
    43    26.873  0.00000
    44    27.278  0.00000
 
 KPT  13  SPIN  1  KWEIGHT  1.999999999999999E-002
     1   -20.541  2.00000
     2   -19.277  2.00000
     3   -17.352  2.00000
     4   -16.879  2.00000
     5   -16.005  2.00000
     6   -14.626  2.00000
     7   -14.246  2.00000
     8   -13.338  2.00000
     9   -11.724  2.00000
    10   -11.308  2.00000
    11   -10.951  2.00000
    12   -10.334  2.00000
    13   -10.178  2.00000
    14    -9.817  2.00000
    15    -8.895  2.00000
    16    -8.775  2.00000
    17    -8.652  2.00000
    18    -7.493  2.00000
    19    -7.169  2.00000
    20    -6.879  2.00000
    21    -6.404  2.00000
    22    -5.343  2.00000
    23    -3.371  0.00000
    24    -2.016  0.00000
    25    -1.504  0.00000
    26     1.651  0.00000
    27     4.292  0.00000
    28     7.469  0.00000
    29     7.628  0.00000
    30    10.164  0.00000
    31    11.875  0.00000
    32    12.618  0.00000
    33    14.342  0.00000
    34    14.672  0.00000
    35    15.794  0.00000
    36    16.100  0.00000
    37    18.025  0.00000
    38    18.624  0.00000
    39    19.105  0.00000
    40    20.397  0.00000
    41    22.847  0.00000
    42    24.872  0.00000
    43    26.822  0.00000
    44    27.240  0.00000
 
 KPT  14  SPIN  1  KWEIGHT  1.999999999999999E-002
     1   -20.527  2.00000
     2   -19.264  2.00000
     3   -17.351  2.00000
     4   -16.943  2.00000
     5   -16.064  2.00000
     6   -14.587  2.00000
     7   -14.165  2.00000
     8   -13.381  2.00000
     9   -11.685  2.00000
    10   -11.279  2.00000
    11   -10.992  2.00000
    12   -10.302  2.00000
    13   -10.163  2.00000
    14    -9.797  2.00000
    15    -8.882  2.00000
    16    -8.762  2.00000
    17    -8.687  2.00000
    18    -7.513  2.00000
    19    -7.194  2.00000
    20    -6.880  2.00000
    21    -6.458  2.00000
    22    -5.416  2.00000
    23    -3.289  0.00000
    24    -1.944  0.00000
    25    -1.507  0.00000
    26     1.626  0.00000
    27     4.258  0.00000
    28     7.519  0.00000
    29     7.654  0.00000
    30    10.188  0.00000
    31    11.868  0.00000
    32    12.593  0.00000
    33    14.326  0.00000
    34    14.690  0.00000
    35    15.810  0.00000
    36    16.037  0.00000
    37    18.069  0.00000
    38    18.641  0.00000
    39    19.161  0.00000
    40    20.358  0.00000
    41    22.808  0.00000
    42    24.826  0.00000
    43    26.768  0.00000
    44    27.199  0.00000
 
 KPT  15  SPIN  1  KWEIGHT  1.999999999999999E-002
     1   -20.513  2.00000
     2   -19.251  2.00000
     3   -17.352  2.00000
     4   -17.004  2.00000
     5   -16.124  2.00000
     6   -14.549  2.00000
     7   -14.083  2.00000
     8   -13.424  2.00000
     9   -11.645  2.00000
    10   -11.249  2.00000
    11   -11.034  2.00000
    12   -10.268  2.00000
    13   -10.146  2.00000
    14    -9.776  2.00000
    15    -8.867  2.00000
    16    -8.749  2.00000
    17    -8.723  2.00000
    18    -7.535  2.00000
    19    -7.219  2.00000
    20    -6.881  2.00000
    21    -6.513  2.00000
    22    -5.489  2.00000
    23    -3.207  0.00000
    24    -1.869  0.00000
    25    -1.509  0.00000
    26     1.599  0.00000
    27     4.221  0.00000
    28     7.572  0.00000
    29     7.682  0.00000
    30    10.212  0.00000
    31    11.862  0.00000
    32    12.566  0.00000
    33    14.309  0.00000
    34    14.710  0.00000
    35    15.826  0.00000
    36    15.975  0.00000
    37    18.117  0.00000
    38    18.647  0.00000
    39    19.226  0.00000
    40    20.316  0.00000
    41    22.768  0.00000
    42    24.777  0.00000
    43    26.710  0.00000
    44    27.157  0.00000
 
 KPT  16  SPIN  1  KWEIGHT  1.999999999999999E-002
     1   -20.497  2.00000
     2   -19.236  2.00000
     3   -17.357  2.00000
     4   -17.061  2.00000
     5   -16.184  2.00000
     6   -14.511  2.00000
     7   -14.001  2.00000
     8   -13.467  2.00000
     9   -11.604  2.00000
    10   -11.219  2.00000
    11   -11.074  2.00000
    12   -10.233  2.00000
    13   -10.129  2.00000
    14    -9.756  2.00000
    15    -8.852  2.00000
    16    -8.761  2.00000
    17    -8.736  2.00000
    18    -7.560  2.00000
    19    -7.247  2.00000
    20    -6.884  2.00000
    21    -6.569  2.00000
    22    -5.561  2.00000
    23    -3.124  0.00000
    24    -1.792  0.00000
    25    -1.512  0.00000
    26     1.571  0.00000
    27     4.183  0.00000
    28     7.628  0.00000
    29     7.712  0.00000
    30    10.237  0.00000
    31    11.858  0.00000
    32    12.537  0.00000
    33    14.291  0.00000
    34    14.730  0.00000
    35    15.840  0.00000
    36    15.916  0.00000
    37    18.168  0.00000
    38    18.646  0.00000
    39    19.300  0.00000
    40    20.272  0.00000
    41    22.725  0.00000
    42    24.726  0.00000
    43    26.648  0.00000
    44    27.111  0.00000
 
 KPT  17  SPIN  1  KWEIGHT  1.999999999999999E-002
     1   -20.480  2.00000
     2   -19.221  2.00000
     3   -17.369  2.00000
     4   -17.111  2.00000
     5   -16.244  2.00000
     6   -14.474  2.00000
     7   -13.920  2.00000
     8   -13.509  2.00000
     9   -11.564  2.00000
    10   -11.189  2.00000
    11   -11.113  2.00000
    12   -10.196  2.00000
    13   -10.110  2.00000
    14    -9.735  2.00000
    15    -8.836  2.00000
    16    -8.801  2.00000
    17    -8.724  2.00000
    18    -7.586  2.00000
    19    -7.276  2.00000
    20    -6.889  2.00000
    21    -6.623  2.00000
    22    -5.632  2.00000
    23    -3.042  0.00000
    24    -1.713  0.00000
    25    -1.513  0.00000
    26     1.541  0.00000
    27     4.141  0.00000
    28     7.687  0.00000
    29     7.745  0.00000
    30    10.261  0.00000
    31    11.856  0.00000
    32    12.506  0.00000
    33    14.271  0.00000
    34    14.750  0.00000
    35    15.854  0.00000
    36    15.860  0.00000
    37    18.223  0.00000
    38    18.639  0.00000
    39    19.380  0.00000
    40    20.225  0.00000
    41    22.680  0.00000
    42    24.672  0.00000
    43    26.583  0.00000
    44    27.064  0.00000
 
 KPT  18  SPIN  1  KWEIGHT  1.999999999999999E-002
     1   -20.462  2.00000
     2   -19.205  2.00000
     3   -17.392  2.00000
     4   -17.150  2.00000
     5   -16.305  2.00000
     6   -14.437  2.00000
     7   -13.844  2.00000
     8   -13.545  2.00000
     9   -11.527  2.00000
    10   -11.158  2.00000
    11   -11.147  2.00000
    12   -10.157  2.00000
    13   -10.090  2.00000
    14    -9.713  2.00000
    15    -8.842  2.00000
    16    -8.818  2.00000
    17    -8.713  2.00000
    18    -7.615  2.00000
    19    -7.306  2.00000
    20    -6.899  2.00000
    21    -6.675  2.00000
    22    -5.704  2.00000
    23    -2.959  0.00000
    24    -1.635  0.00000
    25    -1.510  0.00000
    26     1.509  0.00000
    27     4.097  0.00000
    28     7.748  0.00000
    29     7.781  0.00000
    30    10.284  0.00000
    31    11.857  0.00000
    32    12.472  0.00000
    33    14.249  0.00000
    34    14.771  0.00000
    35    15.807  0.00000
    36    15.865  0.00000
    37    18.281  0.00000
    38    18.628  0.00000
    39    19.463  0.00000
    40    20.176  0.00000
    41    22.633  0.00000
    42    24.616  0.00000
    43    26.514  0.00000
    44    27.014  0.00000
 
 KPT  19  SPIN  1  KWEIGHT  1.999999999999999E-002
     1   -20.443  2.00000
     2   -19.187  2.00000
     3   -17.429  2.00000
     4   -17.175  2.00000
     5   -16.366  2.00000
     6   -14.401  2.00000
     7   -13.781  2.00000
     8   -13.567  2.00000
     9   -11.497  2.00000
    10   -11.172  2.00000
    11   -11.127  2.00000
    12   -10.118  2.00000
    13   -10.069  2.00000
    14    -9.691  2.00000
    15    -8.884  2.00000
    16    -8.800  2.00000
    17    -8.703  2.00000
    18    -7.646  2.00000
    19    -7.337  2.00000
    20    -6.915  2.00000
    21    -6.721  2.00000
    22    -5.774  2.00000
    23    -2.877  0.00000
    24    -1.572  0.00000
    25    -1.491  0.00000
    26     1.475  0.00000
    27     4.051  0.00000
    28     7.811  0.00000
    29     7.819  0.00000
    30    10.307  0.00000
    31    11.860  0.00000
    32    12.436  0.00000
    33    14.226  0.00000
    34    14.791  0.00000
    35    15.759  0.00000
    36    15.876  0.00000
    37    18.341  0.00000
    38    18.613  0.00000
    39    19.550  0.00000
    40    20.125  0.00000
    41    22.585  0.00000
    42    24.557  0.00000
    43    26.442  0.00000
    44    26.962  0.00000
 
 KPT  20  SPIN  1  KWEIGHT  1.999999999999999E-002
     1   -20.423  2.00000
     2   -19.169  2.00000
     3   -17.477  2.00000
     4   -17.188  2.00000
     5   -16.426  2.00000
     6   -14.365  2.00000
     7   -13.752  2.00000
     8   -13.555  2.00000
     9   -11.481  2.00000
    10   -11.182  2.00000
    11   -11.096  2.00000
    12   -10.078  2.00000
    13   -10.047  2.00000
    14    -9.669  2.00000
    15    -8.928  2.00000
    16    -8.781  2.00000
    17    -8.693  2.00000
    18    -7.679  2.00000
    19    -7.369  2.00000
    20    -6.943  2.00000
    21    -6.757  2.00000
    22    -5.844  2.00000
    23    -2.794  0.00000
    24    -1.549  0.00000
    25    -1.429  0.00000
    26     1.440  0.00000
    27     4.003  0.00000
    28     7.859  0.00000
    29     7.877  0.00000
    30    10.328  0.00000
    31    11.866  0.00000
    32    12.398  0.00000
    33    14.200  0.00000
    34    14.810  0.00000
    35    15.716  0.00000
    36    15.884  0.00000
    37    18.405  0.00000
    38    18.596  0.00000
    39    19.640  0.00000
    40    20.073  0.00000
    41    22.535  0.00000
    42    24.496  0.00000
    43    26.368  0.00000
    44    26.908  0.00000
 
 KPT  21  SPIN  1  KWEIGHT  1.999999999999999E-002
     1   -20.403  2.00000
     2   -19.150  2.00000
     3   -17.533  2.00000
     4   -17.192  2.00000
     5   -16.487  2.00000
     6   -14.330  2.00000
     7   -13.765  2.00000
     8   -13.500  2.00000
     9   -11.482  2.00000
    10   -11.174  2.00000
    11   -11.064  2.00000
    12   -10.038  2.00000
    13   -10.024  2.00000
    14    -9.646  2.00000
    15    -8.972  2.00000
    16    -8.761  2.00000
    17    -8.685  2.00000
    18    -7.714  2.00000
    19    -7.403  2.00000
    20    -6.983  2.00000
    21    -6.780  2.00000
    22    -5.914  2.00000
    23    -2.711  0.00000
    24    -1.546  0.00000
    25    -1.346  0.00000
    26     1.403  0.00000
    27     3.952  0.00000
    28     7.902  0.00000
    29     7.945  0.00000
    30    10.348  0.00000
    31    11.876  0.00000
    32    12.358  0.00000
    33    14.172  0.00000
    34    14.829  0.00000
    35    15.679  0.00000
    36    15.891  0.00000
    37    18.472  0.00000
    38    18.577  0.00000
    39    19.731  0.00000
    40    20.018  0.00000
    41    22.483  0.00000
    42    24.434  0.00000
    43    26.290  0.00000
    44    26.853  0.00000
 
 KPT  22  SPIN  1  KWEIGHT  1.999999999999999E-002
     1   -20.381  2.00000
     2   -19.130  2.00000
     3   -17.594  2.00000
     4   -17.190  2.00000
     5   -16.548  2.00000
     6   -14.295  2.00000
     7   -13.798  2.00000
     8   -13.425  2.00000
     9   -11.501  2.00000
    10   -11.147  2.00000
    11   -11.032  2.00000
    12    -9.999  2.00000
    13    -9.997  2.00000
    14    -9.623  2.00000
    15    -9.017  2.00000
    16    -8.739  2.00000
    17    -8.679  2.00000
    18    -7.751  2.00000
    19    -7.438  2.00000
    20    -7.034  2.00000
    21    -6.794  2.00000
    22    -5.983  2.00000
    23    -2.628  0.00000
    24    -1.548  0.00000
    25    -1.257  0.00000
    26     1.364  0.00000
    27     3.899  0.00000
    28     7.948  0.00000
    29     8.014  0.00000
    30    10.367  0.00000
    31    11.888  0.00000
    32    12.315  0.00000
    33    14.143  0.00000
    34    14.847  0.00000
    35    15.648  0.00000
    36    15.895  0.00000
    37    18.541  0.00000
    38    18.556  0.00000
    39    19.824  0.00000
    40    19.962  0.00000
    41    22.431  0.00000
    42    24.370  0.00000
    43    26.209  0.00000
    44    26.796  0.00000
 
 KPT  23  SPIN  1  KWEIGHT  1.999999999999999E-002
     1   -20.358  2.00000
     2   -19.109  2.00000
     3   -17.658  2.00000
     4   -17.185  2.00000
     5   -16.608  2.00000
     6   -14.260  2.00000
     7   -13.838  2.00000
     8   -13.342  2.00000
     9   -11.532  2.00000
    10   -11.106  2.00000
    11   -11.000  2.00000
    12    -9.974  2.00000
    13    -9.956  2.00000
    14    -9.600  2.00000
    15    -9.063  2.00000
    16    -8.717  2.00000
    17    -8.673  2.00000
    18    -7.791  2.00000
    19    -7.473  2.00000
    20    -7.092  2.00000
    21    -6.802  2.00000
    22    -6.051  2.00000
    23    -2.545  0.00000
    24    -1.551  0.00000
    25    -1.164  0.00000
    26     1.324  0.00000
    27     3.844  0.00000
    28     7.996  0.00000
    29     8.085  0.00000
    30    10.384  0.00000
    31    11.904  0.00000
    32    12.271  0.00000
    33    14.111  0.00000
    34    14.862  0.00000
    35    15.623  0.00000
    36    15.897  0.00000
    37    18.534  0.00000
    38    18.612  0.00000
    39    19.904  0.00000
    40    19.918  0.00000
    41    22.377  0.00000
    42    24.304  0.00000
    43    26.126  0.00000
    44    26.737  0.00000
 
 KPT  24  SPIN  1  KWEIGHT  1.999999999999999E-002
     1   -20.334  2.00000
     2   -19.087  2.00000
     3   -17.724  2.00000
     4   -17.178  2.00000
     5   -16.669  2.00000
     6   -14.226  2.00000
     7   -13.881  2.00000
     8   -13.255  2.00000
     9   -11.570  2.00000
    10   -11.056  2.00000
    11   -10.967  2.00000
    12    -9.947  2.00000
    13    -9.916  2.00000
    14    -9.576  2.00000
    15    -9.109  2.00000
    16    -8.694  2.00000
    17    -8.670  2.00000
    18    -7.832  2.00000
    19    -7.510  2.00000
    20    -7.154  2.00000
    21    -6.806  2.00000
    22    -6.118  2.00000
    23    -2.462  0.00000
    24    -1.554  0.00000
    25    -1.070  0.00000
    26     1.282  0.00000
    27     3.786  0.00000
    28     8.046  0.00000
    29     8.157  0.00000
    30    10.399  0.00000
    31    11.923  0.00000
    32    12.225  0.00000
    33    14.077  0.00000
    34    14.876  0.00000
    35    15.605  0.00000
    36    15.897  0.00000
    37    18.511  0.00000
    38    18.686  0.00000
    39    19.846  0.00000
    40    20.013  0.00000
    41    22.323  0.00000
    42    24.237  0.00000
    43    26.040  0.00000
    44    26.678  0.00000
 
 KPT  25  SPIN  1  KWEIGHT  1.999999999999999E-002
     1   -20.309  2.00000
     2   -19.064  2.00000
     3   -17.790  2.00000
     4   -17.169  2.00000
     5   -16.729  2.00000
     6   -14.191  2.00000
     7   -13.925  2.00000
     8   -13.168  2.00000
     9   -11.613  2.00000
    10   -11.002  2.00000
    11   -10.934  2.00000
    12    -9.919  2.00000
    13    -9.875  2.00000
    14    -9.551  2.00000
    15    -9.156  2.00000
    16    -8.670  2.00000
    17    -8.668  2.00000
    18    -7.876  2.00000
    19    -7.547  2.00000
    20    -7.218  2.00000
    21    -6.808  2.00000
    22    -6.185  2.00000
    23    -2.380  0.00000
    24    -1.558  0.00000
    25    -0.974  0.00000
    26     1.238  0.00000
    27     3.727  0.00000
    28     8.099  0.00000
    29     8.231  0.00000
    30    10.412  0.00000
    31    11.945  0.00000
    32    12.178  0.00000
    33    14.041  0.00000
    34    14.886  0.00000
    35    15.595  0.00000
    36    15.893  0.00000
    37    18.488  0.00000
    38    18.761  0.00000
    39    19.786  0.00000
    40    20.109  0.00000
    41    22.267  0.00000
    42    24.169  0.00000
    43    25.952  0.00000
    44    26.617  0.00000
 
 KPT  26  SPIN  1  KWEIGHT  1.999999999999999E-002
     1   -20.283  2.00000
     2   -19.041  2.00000
     3   -17.857  2.00000
     4   -17.160  2.00000
     5   -16.789  2.00000
     6   -14.158  2.00000
     7   -13.968  2.00000
     8   -13.079  2.00000
     9   -11.657  2.00000
    10   -10.943  2.00000
    11   -10.901  2.00000
    12    -9.891  2.00000
    13    -9.835  2.00000
    14    -9.526  2.00000
    15    -9.203  2.00000
    16    -8.668  2.00000
    17    -8.645  2.00000
    18    -7.921  2.00000
    19    -7.585  2.00000
    20    -7.283  2.00000
    21    -6.808  2.00000
    22    -6.252  2.00000
    23    -2.297  0.00000
    24    -1.562  0.00000
    25    -0.877  0.00000
    26     1.193  0.00000
    27     3.665  0.00000
    28     8.154  0.00000
    29     8.305  0.00000
    30    10.423  0.00000
    31    11.968  0.00000
    32    12.132  0.00000
    33    14.004  0.00000
    34    14.895  0.00000
    35    15.592  0.00000
    36    15.887  0.00000
    37    18.463  0.00000
    38    18.839  0.00000
    39    19.726  0.00000
    40    20.205  0.00000
    41    22.211  0.00000
    42    24.100  0.00000
    43    25.862  0.00000
    44    26.556  0.00000
 
 KPT  27  SPIN  1  KWEIGHT  1.999999999999999E-002
     1   -20.256  2.00000
     2   -19.016  2.00000
     3   -17.924  2.00000
     4   -17.149  2.00000
     5   -16.848  2.00000
     6   -14.124  2.00000
     7   -14.012  2.00000
     8   -12.990  2.00000
     9   -11.704  2.00000
    10   -10.882  2.00000
    11   -10.868  2.00000
    12    -9.861  2.00000
    13    -9.797  2.00000
    14    -9.500  2.00000
    15    -9.249  2.00000
    16    -8.670  2.00000
    17    -8.619  2.00000
    18    -7.969  2.00000
    19    -7.624  2.00000
    20    -7.350  2.00000
    21    -6.808  2.00000
    22    -6.317  2.00000
    23    -2.214  0.00000
    24    -1.566  0.00000
    25    -0.779  0.00000
    26     1.147  0.00000
    27     3.601  0.00000
    28     8.211  0.00000
    29     8.381  0.00000
    30    10.431  0.00000
    31    11.985  0.00000
    32    12.094  0.00000
    33    13.965  0.00000
    34    14.900  0.00000
    35    15.596  0.00000
    36    15.878  0.00000
    37    18.439  0.00000
    38    18.918  0.00000
    39    19.666  0.00000
    40    20.302  0.00000
    41    22.155  0.00000
    42    24.031  0.00000
    43    25.769  0.00000
    44    26.494  0.00000
 
 KPT  28  SPIN  1  KWEIGHT  1.999999999999999E-002
     1   -20.228  2.00000
     2   -18.991  2.00000
     3   -17.990  2.00000
     4   -17.138  2.00000
     5   -16.908  2.00000
     6   -14.090  2.00000
     7   -14.055  2.00000
     8   -12.901  2.00000
     9   -11.751  2.00000
    10   -10.834  2.00000
    11   -10.820  2.00000
    12    -9.829  2.00000
    13    -9.759  2.00000
    14    -9.475  2.00000
    15    -9.295  2.00000
    16    -8.673  2.00000
    17    -8.592  2.00000
    18    -8.018  2.00000
    19    -7.663  2.00000
    20    -7.417  2.00000
    21    -6.807  2.00000
    22    -6.382  2.00000
    23    -2.132  0.00000
    24    -1.570  0.00000
    25    -0.679  0.00000
    26     1.099  0.00000
    27     3.535  0.00000
    28     8.270  0.00000
    29     8.457  0.00000
    30    10.437  0.00000
    31    11.976  0.00000
    32    12.085  0.00000
    33    13.925  0.00000
    34    14.903  0.00000
    35    15.606  0.00000
    36    15.866  0.00000
    37    18.414  0.00000
    38    18.998  0.00000
    39    19.605  0.00000
    40    20.399  0.00000
    41    22.098  0.00000
    42    23.962  0.00000
    43    25.675  0.00000
    44    26.432  0.00000
 
 KPT  29  SPIN  1  KWEIGHT  1.999999999999999E-002
     1   -20.199  2.00000
     2   -18.964  2.00000
     3   -18.057  2.00000
     4   -17.127  2.00000
     5   -16.966  2.00000
     6   -14.097  2.00000
     7   -14.057  2.00000
     8   -12.812  2.00000
     9   -11.799  2.00000
    10   -10.800  2.00000
    11   -10.756  2.00000
    12    -9.797  2.00000
    13    -9.723  2.00000
    14    -9.448  2.00000
    15    -9.339  2.00000
    16    -8.679  2.00000
    17    -8.564  2.00000
    18    -8.070  2.00000
    19    -7.703  2.00000
    20    -7.484  2.00000
    21    -6.805  2.00000
    22    -6.447  2.00000
    23    -2.049  0.00000
    24    -1.575  0.00000
    25    -0.579  0.00000
    26     1.050  0.00000
    27     3.468  0.00000
    28     8.331  0.00000
    29     8.533  0.00000
    30    10.440  0.00000
    31    11.935  0.00000
    32    12.109  0.00000
    33    13.883  0.00000
    34    14.904  0.00000
    35    15.622  0.00000
    36    15.851  0.00000
    37    18.390  0.00000
    38    19.080  0.00000
    39    19.545  0.00000
    40    20.497  0.00000
    41    22.041  0.00000
    42    23.892  0.00000
    43    25.579  0.00000
    44    26.369  0.00000
 
 KPT  30  SPIN  1  KWEIGHT  1.999999999999999E-002
     1   -20.168  2.00000
     2   -18.937  2.00000
     3   -18.123  2.00000
     4   -17.115  2.00000
     5   -17.025  2.00000
     6   -14.139  2.00000
     7   -14.024  2.00000
     8   -12.724  2.00000
     9   -11.846  2.00000
    10   -10.766  2.00000
    11   -10.690  2.00000
    12    -9.764  2.00000
    13    -9.691  2.00000
    14    -9.421  2.00000
    15    -9.381  2.00000
    16    -8.687  2.00000
    17    -8.535  2.00000
    18    -8.122  2.00000
    19    -7.744  2.00000
    20    -7.552  2.00000
    21    -6.804  2.00000
    22    -6.510  2.00000
    23    -1.967  0.00000
    24    -1.579  0.00000
    25    -0.478  0.00000
    26     0.999  0.00000
    27     3.398  0.00000
    28     8.394  0.00000
    29     8.610  0.00000
    30    10.440  0.00000
    31    11.883  0.00000
    32    12.148  0.00000
    33    13.841  0.00000
    34    14.903  0.00000
    35    15.643  0.00000
    36    15.832  0.00000
    37    18.365  0.00000
    38    19.162  0.00000
    39    19.485  0.00000
    40    20.594  0.00000
    41    21.984  0.00000
    42    23.823  0.00000
    43    25.482  0.00000
    44    26.307  0.00000
 
 KPT  31  SPIN  1  KWEIGHT  1.999999999999999E-002
     1   -20.137  2.00000
     2   -18.909  2.00000
     3   -18.188  2.00000
     4   -17.103  2.00000
     5   -17.083  2.00000
     6   -14.179  2.00000
     7   -13.991  2.00000
     8   -12.636  2.00000
     9   -11.894  2.00000
    10   -10.732  2.00000
    11   -10.625  2.00000
    12    -9.729  2.00000
    13    -9.663  2.00000
    14    -9.418  2.00000
    15    -9.394  2.00000
    16    -8.697  2.00000
    17    -8.506  2.00000
    18    -8.177  2.00000
    19    -7.784  2.00000
    20    -7.619  2.00000
    21    -6.802  2.00000
    22    -6.573  2.00000
    23    -1.885  0.00000
    24    -1.583  0.00000
    25    -0.377  0.00000
    26     0.947  0.00000
    27     3.326  0.00000
    28     8.458  0.00000
    29     8.687  0.00000
    30    10.438  0.00000
    31    11.825  0.00000
    32    12.194  0.00000
    33    13.799  0.00000
    34    14.901  0.00000
    35    15.669  0.00000
    36    15.810  0.00000
    37    18.341  0.00000
    38    19.245  0.00000
    39    19.426  0.00000
    40    20.692  0.00000
    41    21.927  0.00000
    42    23.754  0.00000
    43    25.384  0.00000
    44    26.245  0.00000
 
 KPT  32  SPIN  1  KWEIGHT  1.999999999999999E-002
     1   -20.105  2.00000
     2   -18.881  2.00000
     3   -18.253  2.00000
     4   -17.140  2.00000
     5   -17.091  2.00000
     6   -14.218  2.00000
     7   -13.959  2.00000
     8   -12.548  2.00000
     9   -11.941  2.00000
    10   -10.699  2.00000
    11   -10.558  2.00000
    12    -9.694  2.00000
    13    -9.645  2.00000
    14    -9.446  2.00000
    15    -9.366  2.00000
    16    -8.709  2.00000
    17    -8.475  2.00000
    18    -8.233  2.00000
    19    -7.825  2.00000
    20    -7.686  2.00000
    21    -6.800  2.00000
    22    -6.635  2.00000
    23    -1.803  0.00000
    24    -1.587  0.00000
    25    -0.275  0.00000
    26     0.893  0.00000
    27     3.253  0.00000
    28     8.524  0.00000
    29     8.765  0.00000
    30    10.433  0.00000
    31    11.765  0.00000
    32    12.244  0.00000
    33    13.756  0.00000
    34    14.898  0.00000
    35    15.697  0.00000
    36    15.785  0.00000
    37    18.317  0.00000
    38    19.328  0.00000
    39    19.369  0.00000
    40    20.790  0.00000
    41    21.870  0.00000
    42    23.686  0.00000
    43    25.284  0.00000
    44    26.183  0.00000
 
 KPT  33  SPIN  1  KWEIGHT  1.999999999999999E-002
     1   -20.072  2.00000
     2   -18.851  2.00000
     3   -18.318  2.00000
     4   -17.196  2.00000
     5   -17.079  2.00000
     6   -14.256  2.00000
     7   -13.926  2.00000
     8   -12.462  2.00000
     9   -11.988  2.00000
    10   -10.666  2.00000
    11   -10.491  2.00000
    12    -9.657  2.00000
    13    -9.640  2.00000
    14    -9.461  2.00000
    15    -9.338  2.00000
    16    -8.723  2.00000
    17    -8.444  2.00000
    18    -8.290  2.00000
    19    -7.866  2.00000
    20    -7.753  2.00000
    21    -6.798  2.00000
    22    -6.696  2.00000
    23    -1.722  0.00000
    24    -1.591  0.00000
    25    -0.172  0.00000
    26     0.838  0.00000
    27     3.178  0.00000
    28     8.591  0.00000
    29     8.842  0.00000
    30    10.425  0.00000
    31    11.703  0.00000
    32    12.299  0.00000
    33    13.713  0.00000
    34    14.894  0.00000
    35    15.728  0.00000
    36    15.756  0.00000
    37    18.294  0.00000
    38    19.311  0.00000
    39    19.413  0.00000
    40    20.888  0.00000
    41    21.813  0.00000
    42    23.620  0.00000
    43    25.184  0.00000
    44    26.122  0.00000
 
 KPT  34  SPIN  1  KWEIGHT  1.999999999999999E-002
     1   -20.039  2.00000
     2   -18.821  2.00000
     3   -18.382  2.00000
     4   -17.252  2.00000
     5   -17.067  2.00000
     6   -14.292  2.00000
     7   -13.895  2.00000
     8   -12.376  2.00000
     9   -12.034  2.00000
    10   -10.634  2.00000
    11   -10.424  2.00000
    12    -9.652  2.00000
    13    -9.620  2.00000
    14    -9.458  2.00000
    15    -9.310  2.00000
    16    -8.739  2.00000
    17    -8.412  2.00000
    18    -8.349  2.00000
    19    -7.907  2.00000
    20    -7.820  2.00000
    21    -6.796  2.00000
    22    -6.756  2.00000
    23    -1.641  0.00000
    24    -1.595  0.00000
    25    -0.069  0.00000
    26     0.782  0.00000
    27     3.101  0.00000
    28     8.659  0.00000
    29     8.919  0.00000
    30    10.414  0.00000
    31    11.640  0.00000
    32    12.357  0.00000
    33    13.671  0.00000
    34    14.890  0.00000
    35    15.724  0.00000
    36    15.761  0.00000
    37    18.272  0.00000
    38    19.256  0.00000
    39    19.496  0.00000
    40    20.985  0.00000
    41    21.756  0.00000
    42    23.554  0.00000
    43    25.083  0.00000
    44    26.063  0.00000
 
 KPT  35  SPIN  1  KWEIGHT  1.999999999999999E-002
     1   -20.004  2.00000
     2   -18.790  2.00000
     3   -18.445  2.00000
     4   -17.308  2.00000
     5   -17.055  2.00000
     6   -14.327  2.00000
     7   -13.863  2.00000
     8   -12.291  2.00000
     9   -12.079  2.00000
    10   -10.604  2.00000
    11   -10.357  2.00000
    12    -9.676  2.00000
    13    -9.581  2.00000
    14    -9.443  2.00000
    15    -9.282  2.00000
    16    -8.757  2.00000
    17    -8.408  2.00000
    18    -8.379  2.00000
    19    -7.949  2.00000
    20    -7.886  2.00000
    21    -6.816  2.00000
    22    -6.795  2.00000
    23    -1.599  0.00000
    24    -1.560  0.00000
    25     0.034  0.00000
    26     0.725  0.00000
    27     3.022  0.00000
    28     8.728  0.00000
    29     8.996  0.00000
    30    10.401  0.00000
    31    11.576  0.00000
    32    12.419  0.00000
    33    13.629  0.00000
    34    14.886  0.00000
    35    15.689  0.00000
    36    15.795  0.00000
    37    18.251  0.00000
    38    19.204  0.00000
    39    19.580  0.00000
    40    21.083  0.00000
    41    21.699  0.00000
    42    23.490  0.00000
    43    24.982  0.00000
    44    26.004  0.00000
 
 KPT  36  SPIN  1  KWEIGHT  1.999999999999999E-002
     1   -19.968  2.00000
     2   -18.758  2.00000
     3   -18.507  2.00000
     4   -17.362  2.00000
     5   -17.043  2.00000
     6   -14.361  2.00000
     7   -13.832  2.00000
     8   -12.208  2.00000
     9   -12.123  2.00000
    10   -10.577  2.00000
    11   -10.290  2.00000
    12    -9.704  2.00000
    13    -9.541  2.00000
    14    -9.422  2.00000
    15    -9.254  2.00000
    16    -8.776  2.00000
    17    -8.468  2.00000
    18    -8.346  2.00000
    19    -7.990  2.00000
    20    -7.952  2.00000
    21    -6.874  2.00000
    22    -6.793  2.00000
    23    -1.602  0.00000
    24    -1.480  0.00000
    25     0.137  0.00000
    26     0.667  0.00000
    27     2.942  0.00000
    28     8.797  0.00000
    29     9.072  0.00000
    30    10.385  0.00000
    31    11.510  0.00000
    32    12.483  0.00000
    33    13.589  0.00000
    34    14.882  0.00000
    35    15.651  0.00000
    36    15.830  0.00000
    37    18.230  0.00000
    38    19.153  0.00000
    39    19.663  0.00000
    40    21.179  0.00000
    41    21.643  0.00000
    42    23.429  0.00000
    43    24.881  0.00000
    44    25.948  0.00000
 
 KPT  37  SPIN  1  KWEIGHT  1.999999999999999E-002
     1   -19.931  2.00000
     2   -18.726  2.00000
     3   -18.569  2.00000
     4   -17.416  2.00000
     5   -17.032  2.00000
     6   -14.393  2.00000
     7   -13.801  2.00000
     8   -12.166  2.00000
     9   -12.125  2.00000
    10   -10.552  2.00000
    11   -10.223  2.00000
    12    -9.731  2.00000
    13    -9.500  2.00000
    14    -9.399  2.00000
    15    -9.226  2.00000
    16    -8.798  2.00000
    17    -8.530  2.00000
    18    -8.312  2.00000
    19    -8.031  2.00000
    20    -8.017  2.00000
    21    -6.932  2.00000
    22    -6.791  2.00000
    23    -1.606  0.00000
    24    -1.400  0.00000
    25     0.241  0.00000
    26     0.607  0.00000
    27     2.860  0.00000
    28     8.867  0.00000
    29     9.148  0.00000
    30    10.366  0.00000
    31    11.444  0.00000
    32    12.549  0.00000
    33    13.549  0.00000
    34    14.878  0.00000
    35    15.610  0.00000
    36    15.864  0.00000
    37    18.211  0.00000
    38    19.105  0.00000
    39    19.745  0.00000
    40    21.275  0.00000
    41    21.587  0.00000
    42    23.369  0.00000
    43    24.780  0.00000
    44    25.893  0.00000
 
 KPT  38  SPIN  1  KWEIGHT  1.999999999999999E-002
     1   -19.893  2.00000
     2   -18.693  2.00000
     3   -18.630  2.00000
     4   -17.469  2.00000
     5   -17.021  2.00000
     6   -14.423  2.00000
     7   -13.771  2.00000
     8   -12.208  2.00000
     9   -12.045  2.00000
    10   -10.532  2.00000
    11   -10.157  2.00000
    12    -9.756  2.00000
    13    -9.458  2.00000
    14    -9.375  2.00000
    15    -9.198  2.00000
    16    -8.821  2.00000
    17    -8.591  2.00000
    18    -8.277  2.00000
    19    -8.082  2.00000
    20    -8.071  2.00000
    21    -6.988  2.00000
    22    -6.789  2.00000
    23    -1.609  0.00000
    24    -1.320  0.00000
    25     0.344  0.00000
    26     0.547  0.00000
    27     2.777  0.00000
    28     8.937  0.00000
    29     9.223  0.00000
    30    10.344  0.00000
    31    11.377  0.00000
    32    12.618  0.00000
    33    13.512  0.00000
    34    14.874  0.00000
    35    15.566  0.00000
    36    15.898  0.00000
    37    18.193  0.00000
    38    19.060  0.00000
    39    19.827  0.00000
    40    21.370  0.00000
    41    21.531  0.00000
    42    23.312  0.00000
    43    24.680  0.00000
    44    25.841  0.00000
 
 KPT  39  SPIN  1  KWEIGHT  1.999999999999999E-002
     1   -19.855  2.00000
     2   -18.690  2.00000
     3   -18.660  2.00000
     4   -17.520  2.00000
     5   -17.011  2.00000
     6   -14.451  2.00000
     7   -13.742  2.00000
     8   -12.248  2.00000
     9   -11.966  2.00000
    10   -10.516  2.00000
    11   -10.091  2.00000
    12    -9.776  2.00000
    13    -9.416  2.00000
    14    -9.352  2.00000
    15    -9.172  2.00000
    16    -8.845  2.00000
    17    -8.653  2.00000
    18    -8.242  2.00000
    19    -8.146  2.00000
    20    -8.111  2.00000
    21    -7.044  2.00000
    22    -6.787  2.00000
    23    -1.612  0.00000
    24    -1.241  0.00000
    25     0.447  0.00000
    26     0.486  0.00000
    27     2.692  0.00000
    28     9.007  0.00000
    29     9.298  0.00000
    30    10.319  0.00000
    31    11.309  0.00000
    32    12.687  0.00000
    33    13.476  0.00000
    34    14.871  0.00000
    35    15.520  0.00000
    36    15.931  0.00000
    37    18.176  0.00000
    38    19.017  0.00000
    39    19.907  0.00000
    40    21.464  0.00000
    41    21.475  0.00000
    42    23.258  0.00000
    43    24.581  0.00000
    44    25.791  0.00000
 
 KPT  40  SPIN  1  KWEIGHT  1.999999999999999E-002
     1   -19.815  2.00000
     2   -18.749  2.00000
     3   -18.626  2.00000
     4   -17.571  2.00000
     5   -17.001  2.00000
     6   -14.477  2.00000
     7   -13.714  2.00000
     8   -12.286  2.00000
     9   -11.889  2.00000
    10   -10.508  2.00000
    11   -10.026  2.00000
    12    -9.788  2.00000
    13    -9.372  2.00000
    14    -9.330  2.00000
    15    -9.147  2.00000
    16    -8.869  2.00000
    17    -8.715  2.00000
    18    -8.209  2.00000
    19    -8.206  2.00000
    20    -8.151  2.00000
    21    -7.098  2.00000
    22    -6.786  2.00000
    23    -1.615  0.00000
    24    -1.163  0.00000
    25     0.424  0.00000
    26     0.551  0.00000
    27     2.606  0.00000
    28     9.077  0.00000
    29     9.371  0.00000
    30    10.292  0.00000
    31    11.242  0.00000
    32    12.756  0.00000
    33    13.442  0.00000
    34    14.868  0.00000
    35    15.473  0.00000
    36    15.963  0.00000
    37    18.161  0.00000
    38    18.978  0.00000
    39    19.986  0.00000
    40    21.420  0.00000
    41    21.555  0.00000
    42    23.208  0.00000
    43    24.484  0.00000
    44    25.744  0.00000
 
 KPT  41  SPIN  1  KWEIGHT  1.999999999999999E-002
     1   -19.775  2.00000
     2   -18.807  2.00000
     3   -18.592  2.00000
     4   -17.620  2.00000
     5   -16.992  2.00000
     6   -14.501  2.00000
     7   -13.687  2.00000
     8   -12.323  2.00000
     9   -11.815  2.00000
    10   -10.506  2.00000
    11    -9.962  2.00000
    12    -9.793  2.00000
    13    -9.327  2.00000
    14    -9.310  2.00000
    15    -9.126  2.00000
    16    -8.891  2.00000
    17    -8.777  2.00000
    18    -8.272  2.00000
    19    -8.189  2.00000
    20    -8.170  2.00000
    21    -7.151  2.00000
    22    -6.784  2.00000
    23    -1.617  0.00000
    24    -1.086  0.00000
    25     0.361  0.00000
    26     0.654  0.00000
    27     2.519  0.00000
    28     9.146  0.00000
    29     9.443  0.00000
    30    10.262  0.00000
    31    11.175  0.00000
    32    12.825  0.00000
    33    13.410  0.00000
    34    14.865  0.00000
    35    15.424  0.00000
    36    15.993  0.00000
    37    18.147  0.00000
    38    18.942  0.00000
    39    20.064  0.00000
    40    21.364  0.00000
    41    21.645  0.00000
    42    23.161  0.00000
    43    24.389  0.00000
    44    25.700  0.00000
 
 KPT  42  SPIN  1  KWEIGHT  1.999999999999999E-002
     1   -19.733  2.00000
     2   -18.864  2.00000
     3   -18.558  2.00000
     4   -17.668  2.00000
     5   -16.983  2.00000
     6   -14.523  2.00000
     7   -13.662  2.00000
     8   -12.357  2.00000
     9   -11.744  2.00000
    10   -10.511  2.00000
    11    -9.899  2.00000
    12    -9.790  2.00000
    13    -9.292  2.00000
    14    -9.281  2.00000
    15    -9.112  2.00000
    16    -8.910  2.00000
    17    -8.838  2.00000
    18    -8.334  2.00000
    19    -8.227  2.00000
    20    -8.134  2.00000
    21    -7.202  2.00000
    22    -6.783  2.00000
    23    -1.620  0.00000
    24    -1.009  0.00000
    25     0.298  0.00000
    26     0.757  0.00000
    27     2.430  0.00000
    28     9.215  0.00000
    29     9.514  0.00000
    30    10.230  0.00000
    31    11.109  0.00000
    32    12.893  0.00000
    33    13.381  0.00000
    34    14.862  0.00000
    35    15.375  0.00000
    36    16.020  0.00000
    37    18.134  0.00000
    38    18.909  0.00000
    39    20.140  0.00000
    40    21.309  0.00000
    41    21.732  0.00000
    42    23.117  0.00000
    43    24.298  0.00000
    44    25.660  0.00000
 
 KPT  43  SPIN  1  KWEIGHT  1.999999999999999E-002
     1   -19.691  2.00000
     2   -18.921  2.00000
     3   -18.525  2.00000
     4   -17.714  2.00000
     5   -16.975  2.00000
     6   -14.542  2.00000
     7   -13.638  2.00000
     8   -12.389  2.00000
     9   -11.676  2.00000
    10   -10.524  2.00000
    11    -9.837  2.00000
    12    -9.778  2.00000
    13    -9.276  2.00000
    14    -9.235  2.00000
    15    -9.107  2.00000
    16    -8.921  2.00000
    17    -8.898  2.00000
    18    -8.395  2.00000
    19    -8.263  2.00000
    20    -8.098  2.00000
    21    -7.251  2.00000
    22    -6.782  2.00000
    23    -1.622  0.00000
    24    -0.934  0.00000
    25     0.234  0.00000
    26     0.859  0.00000
    27     2.341  0.00000
    28     9.282  0.00000
    29     9.582  0.00000
    30    10.196  0.00000
    31    11.045  0.00000
    32    12.959  0.00000
    33    13.354  0.00000
    34    14.860  0.00000
    35    15.327  0.00000
    36    16.046  0.00000
    37    18.123  0.00000
    38    18.880  0.00000
    39    20.214  0.00000
    40    21.255  0.00000
    41    21.815  0.00000
    42    23.078  0.00000
    43    24.210  0.00000
    44    25.623  0.00000
 
 KPT  44  SPIN  1  KWEIGHT  1.999999999999999E-002
     1   -19.649  2.00000
     2   -18.976  2.00000
     3   -18.492  2.00000
     4   -17.758  2.00000
     5   -16.968  2.00000
     6   -14.560  2.00000
     7   -13.616  2.00000
     8   -12.417  2.00000
     9   -11.611  2.00000
    10   -10.542  2.00000
    11    -9.777  2.00000
    12    -9.759  2.00000
    13    -9.262  2.00000
    14    -9.188  2.00000
    15    -9.115  2.00000
    16    -8.956  2.00000
    17    -8.922  2.00000
    18    -8.454  2.00000
    19    -8.298  2.00000
    20    -8.062  2.00000
    21    -7.298  2.00000
    22    -6.780  2.00000
    23    -1.624  0.00000
    24    -0.860  0.00000
    25     0.170  0.00000
    26     0.961  0.00000
    27     2.250  0.00000
    28     9.347  0.00000
    29     9.647  0.00000
    30    10.160  0.00000
    31    10.983  0.00000
    32    13.020  0.00000
    33    13.331  0.00000
    34    14.858  0.00000
    35    15.280  0.00000
    36    16.069  0.00000
    37    18.113  0.00000
    38    18.854  0.00000
    39    20.285  0.00000
    40    21.201  0.00000
    41    21.893  0.00000
    42    23.043  0.00000
    43    24.127  0.00000
    44    25.590  0.00000
 
 KPT  45  SPIN  1  KWEIGHT  1.999999999999999E-002
     1   -19.606  2.00000
     2   -19.030  2.00000
     3   -18.460  2.00000
     4   -17.800  2.00000
     5   -16.962  2.00000
     6   -14.575  2.00000
     7   -13.596  2.00000
     8   -12.443  2.00000
     9   -11.552  2.00000
    10   -10.563  2.00000
    11    -9.735  2.00000
    12    -9.718  2.00000
    13    -9.251  2.00000
    14    -9.140  2.00000
    15    -9.135  2.00000
    16    -9.011  2.00000
    17    -8.914  2.00000
    18    -8.513  2.00000
    19    -8.330  2.00000
    20    -8.028  2.00000
    21    -7.343  2.00000
    22    -6.779  2.00000
    23    -1.625  0.00000
    24    -0.788  0.00000
    25     0.107  0.00000
    26     1.062  0.00000
    27     2.158  0.00000
    28     9.409  0.00000
    29     9.709  0.00000
    30    10.123  0.00000
    31    10.923  0.00000
    32    13.077  0.00000
    33    13.310  0.00000
    34    14.857  0.00000
    35    15.236  0.00000
    36    16.088  0.00000
    37    18.105  0.00000
    38    18.832  0.00000
    39    20.354  0.00000
    40    21.147  0.00000
    41    21.965  0.00000
    42    23.012  0.00000
    43    24.051  0.00000
    44    25.562  0.00000
 
 KPT  46  SPIN  1  KWEIGHT  1.999999999999999E-002
     1   -19.562  2.00000
     2   -19.082  2.00000
     3   -18.429  2.00000
     4   -17.838  2.00000
     5   -16.957  2.00000
     6   -14.587  2.00000
     7   -13.579  2.00000
     8   -12.465  2.00000
     9   -11.498  2.00000
    10   -10.587  2.00000
    11    -9.707  2.00000
    12    -9.662  2.00000
    13    -9.244  2.00000
    14    -9.163  2.00000
    15    -9.092  2.00000
    16    -9.062  2.00000
    17    -8.901  2.00000
    18    -8.570  2.00000
    19    -8.359  2.00000
    20    -7.996  2.00000
    21    -7.383  2.00000
    22    -6.779  2.00000
    23    -1.627  0.00000
    24    -0.719  0.00000
    25     0.045  0.00000
    26     1.162  0.00000
    27     2.066  0.00000
    28     9.469  0.00000
    29     9.765  0.00000
    30    10.084  0.00000
    31    10.869  0.00000
    32    13.128  0.00000
    33    13.293  0.00000
    34    14.855  0.00000
    35    15.196  0.00000
    36    16.105  0.00000
    37    18.098  0.00000
    38    18.814  0.00000
    39    20.419  0.00000
    40    21.095  0.00000
    41    22.030  0.00000
    42    22.986  0.00000
    43    23.983  0.00000
    44    25.537  0.00000
 
 KPT  47  SPIN  1  KWEIGHT  1.999999999999999E-002
     1   -19.519  2.00000
     2   -19.133  2.00000
     3   -18.402  2.00000
     4   -17.871  2.00000
     5   -16.953  2.00000
     6   -14.598  2.00000
     7   -13.564  2.00000
     8   -12.483  2.00000
     9   -11.452  2.00000
    10   -10.611  2.00000
    11    -9.677  2.00000
    12    -9.609  2.00000
    13    -9.241  2.00000
    14    -9.196  2.00000
    15    -9.105  2.00000
    16    -9.044  2.00000
    17    -8.885  2.00000
    18    -8.625  2.00000
    19    -8.385  2.00000
    20    -7.966  2.00000
    21    -7.420  2.00000
    22    -6.778  2.00000
    23    -1.628  0.00000
    24    -0.654  0.00000
    25    -0.014  0.00000
    26     1.260  0.00000
    27     1.974  0.00000
    28     9.523  0.00000
    29     9.815  0.00000
    30    10.047  0.00000
    31    10.820  0.00000
    32    13.171  0.00000
    33    13.279  0.00000
    34    14.854  0.00000
    35    15.162  0.00000
    36    16.119  0.00000
    37    18.093  0.00000
    38    18.799  0.00000
    39    20.480  0.00000
    40    21.045  0.00000
    41    22.085  0.00000
    42    22.966  0.00000
    43    23.925  0.00000
    44    25.518  0.00000
 
 KPT  48  SPIN  1  KWEIGHT  1.999999999999999E-002
     1   -19.477  2.00000
     2   -19.180  2.00000
     3   -18.379  2.00000
     4   -17.899  2.00000
     5   -16.950  2.00000
     6   -14.605  2.00000
     7   -13.553  2.00000
     8   -12.497  2.00000
     9   -11.415  2.00000
    10   -10.631  2.00000
    11    -9.648  2.00000
    12    -9.561  2.00000
    13    -9.245  2.00000
    14    -9.230  2.00000
    15    -9.137  2.00000
    16    -8.998  2.00000
    17    -8.872  2.00000
    18    -8.677  2.00000
    19    -8.406  2.00000
    20    -7.941  2.00000
    21    -7.450  2.00000
    22    -6.778  2.00000
    23    -1.629  0.00000
    24    -0.596  0.00000
    25    -0.068  0.00000
    26     1.356  0.00000
    27     1.883  0.00000
    28     9.571  0.00000
    29     9.856  0.00000
    30    10.012  0.00000
    31    10.781  0.00000
    32    13.205  0.00000
    33    13.268  0.00000
    34    14.853  0.00000
    35    15.135  0.00000
    36    16.129  0.00000
    37    18.089  0.00000
    38    18.788  0.00000
    39    20.534  0.00000
    40    21.000  0.00000
    41    22.129  0.00000
    42    22.950  0.00000
    43    23.879  0.00000
    44    25.503  0.00000
 
 KPT  49  SPIN  1  KWEIGHT  1.999999999999999E-002
     1   -19.440  2.00000
     2   -19.221  2.00000
     3   -18.362  2.00000
     4   -17.919  2.00000
     5   -16.948  2.00000
     6   -14.610  2.00000
     7   -13.546  2.00000
     8   -12.507  2.00000
     9   -11.389  2.00000
    10   -10.647  2.00000
    11    -9.625  2.00000
    12    -9.522  2.00000
    13    -9.260  2.00000
    14    -9.255  2.00000
    15    -9.155  2.00000
    16    -8.956  2.00000
    17    -8.861  2.00000
    18    -8.723  2.00000
    19    -8.421  2.00000
    20    -7.923  2.00000
    21    -7.472  2.00000
    22    -6.777  2.00000
    23    -1.629  0.00000
    24    -0.549  0.00000
    25    -0.112  0.00000
    26     1.446  0.00000
    27     1.796  0.00000
    28     9.608  0.00000
    29     9.885  0.00000
    30     9.984  0.00000
    31    10.752  0.00000
    32    13.229  0.00000
    33    13.261  0.00000
    34    14.853  0.00000
    35    15.116  0.00000
    36    16.136  0.00000
    37    18.086  0.00000
    38    18.780  0.00000
    39    20.576  0.00000
    40    20.962  0.00000
    41    22.160  0.00000
    42    22.939  0.00000
    43    23.847  0.00000
    44    25.493  0.00000
 
 KPT  50  SPIN  1  KWEIGHT  1.999999999999999E-002
     1   -19.414  2.00000
     2   -19.248  2.00000
     3   -18.353  2.00000
     4   -17.930  2.00000
     5   -16.946  2.00000
     6   -14.613  2.00000
     7   -13.542  2.00000
     8   -12.512  2.00000
     9   -11.375  2.00000
    10   -10.655  2.00000
    11    -9.611  2.00000
    12    -9.498  2.00000
    13    -9.280  2.00000
    14    -9.264  2.00000
    15    -9.163  2.00000
    16    -8.927  2.00000
    17    -8.855  2.00000
    18    -8.754  2.00000
    19    -8.428  2.00000
    20    -7.913  2.00000
    21    -7.483  2.00000
    22    -6.777  2.00000
    23    -1.630  0.00000
    24    -0.521  0.00000
    25    -0.138  0.00000
    26     1.516  0.00000
    27     1.727  0.00000
    28     9.629  0.00000
    29     9.901  0.00000
    30     9.967  0.00000
    31    10.737  0.00000
    32    13.241  0.00000
    33    13.257  0.00000
    34    14.853  0.00000
    35    15.106  0.00000
    36    16.140  0.00000
    37    18.085  0.00000
    38    18.777  0.00000
    39    20.601  0.00000
    40    20.941  0.00000
    41    22.175  0.00000
    42    22.934  0.00000
    43    23.831  0.00000
    44    25.488  0.00000
 
