 Fermi distribution function
 
Calculation with static geometry
 

********************************************************************************
 iSCC Total electronic   Diff electronic      SCC error    
    6   -0.19452498E+02   -0.27585894E-07    0.15287511E-06
********************************************************************************
 
 Total charge:    -0.00000000

 Atomic gross charges (e)
 Atom           Charge
    1      -0.09571071
    2       0.01456310
    3      -0.09571071
    4       0.00796012
    5       0.01456310
    6       0.01456310
    7       0.00796012
    8      -0.09571071
    9       0.01456310
   10      -0.09571071
   11       0.07716755
   12       0.07716755
   13       0.07716755
   14       0.07716755
 
Nr. of electrons (up):     44.00000000
Atom populations (up)
 Atom       Population
    1       4.09571071
    2       3.98543690
    3       4.09571071
    4       3.99203988
    5       3.98543690
    6       3.98543690
    7       3.99203988
    8       4.09571071
    9       3.98543690
   10       4.09571071
   11       0.92283245
   12       0.92283245
   13       0.92283245
   14       0.92283245
 
l-shell populations (up)
 Atom Sh.   l       Population
    1   1   0       1.21847550
    1   2   1       2.87723521
    2   1   0       1.17827077
    2   2   1       2.80716613
    3   1   0       1.21847550
    3   2   1       2.87723521
    4   1   0       1.18140957
    4   2   1       2.81063031
    5   1   0       1.17827077
    5   2   1       2.80716613
    6   1   0       1.17827077
    6   2   1       2.80716613
    7   1   0       1.18140957
    7   2   1       2.81063031
    8   1   0       1.21847550
    8   2   1       2.87723521
    9   1   0       1.17827077
    9   2   1       2.80716613
   10   1   0       1.21847550
   10   2   1       2.87723521
   11   1   0       0.92283245
   12   1   0       0.92283245
   13   1   0       0.92283245
   14   1   0       0.92283245
 
Orbital populations (up)
 Atom Sh.   l   m       Population  Label
    1   1   0   0       1.21847550  s
    1   2   1  -1       0.93583285  p_y
    1   2   1   0       0.92962815  p_z
    1   2   1   1       1.01177421  p_x
    2   1   0   0       1.17827077  s
    2   2   1  -1       0.91160354  p_y
    2   2   1   0       0.90364073  p_z
    2   2   1   1       0.99192186  p_x
    3   1   0   0       1.21847550  s
    3   2   1  -1       0.93583285  p_y
    3   2   1   0       0.92962815  p_z
    3   2   1   1       1.01177421  p_x
    4   1   0   0       1.18140957  s
    4   2   1  -1       0.91022223  p_y
    4   2   1   0       0.90780022  p_z
    4   2   1   1       0.99260786  p_x
    5   1   0   0       1.17827077  s
    5   2   1  -1       0.91160354  p_y
    5   2   1   0       0.90364073  p_z
    5   2   1   1       0.99192186  p_x
    6   1   0   0       1.17827077  s
    6   2   1  -1       0.91160354  p_y
    6   2   1   0       0.90364073  p_z
    6   2   1   1       0.99192186  p_x
    7   1   0   0       1.18140957  s
    7   2   1  -1       0.91022223  p_y
    7   2   1   0       0.90780022  p_z
    7   2   1   1       0.99260786  p_x
    8   1   0   0       1.21847550  s
    8   2   1  -1       0.93583285  p_y
    8   2   1   0       0.92962815  p_z
    8   2   1   1       1.01177421  p_x
    9   1   0   0       1.17827077  s
    9   2   1  -1       0.91160354  p_y
    9   2   1   0       0.90364073  p_z
    9   2   1   1       0.99192186  p_x
   10   1   0   0       1.21847550  s
   10   2   1  -1       0.93583285  p_y
   10   2   1   0       0.92962815  p_z
   10   2   1   1       1.01177421  p_x
   11   1   0   0       0.92283245  s
   12   1   0   0       0.92283245  s
   13   1   0   0       0.92283245  s
   14   1   0   0       0.92283245  s
 
Fermi level:                        -0.1578275894 H           -4.2947 eV
Band energy:                       -18.9020137275 H         -514.3500 eV
TS:                                  0.0000000000 H            0.0000 eV
Band free energy (E-TS):           -18.9020137275 H         -514.3500 eV
Extrapolated E(0K):                -18.9020137275 H         -514.3500 eV
Input / Output electrons (q):     44.0000000000     44.0000000000
 
Energy H0:                         -19.4550852905 H         -529.3998 eV
Energy SCC:                          0.0025872363 H            0.0704 eV
Total Electronic energy:           -19.4524980542 H         -529.3294 eV
Repulsive energy:                    0.6813880663 H           18.5415 eV
Total energy:                      -18.7711099878 H         -510.7879 eV
Extrapolated to 0:                 -18.7711099878 H         -510.7879 eV
Total Mermin free energy:          -18.7711099878 H         -510.7879 eV
Force related energy:              -18.7711099878 H         -510.7879 eV
 
SCC converged
 
 
