 Fermi distribution function
 
Calculation with static geometry
 

********************************************************************************
 iSCC Total electronic   Diff electronic      SCC error    
    1   -0.19451763E+02    0.00000000E+00    0.12669259E+00
********************************************************************************
 
 Total charge:    -0.00000000

 Atomic gross charges (e)
 Atom           Charge
    1      -0.12669259
    2       0.01346368
    3      -0.12669259
    4       0.00488444
    5       0.01346368
    6       0.01346368
    7       0.00488444
    8      -0.12669259
    9       0.01346368
   10      -0.12669259
   11       0.11078668
   12       0.11078668
   13       0.11078668
   14       0.11078668
 
Nr. of electrons (up):     44.00000000
Atom populations (up)
 Atom       Population
    1       4.12669259
    2       3.98653632
    3       4.12669259
    4       3.99511556
    5       3.98653632
    6       3.98653632
    7       3.99511556
    8       4.12669259
    9       3.98653632
   10       4.12669259
   11       0.88921332
   12       0.88921332
   13       0.88921332
   14       0.88921332
 
l-shell populations (up)
 Atom Sh.   l       Population
    1   1   0       1.22800049
    1   2   1       2.89869210
    2   1   0       1.17846492
    2   2   1       2.80807140
    3   1   0       1.22800049
    3   2   1       2.89869210
    4   1   0       1.18184747
    4   2   1       2.81326809
    5   1   0       1.17846492
    5   2   1       2.80807140
    6   1   0       1.17846492
    6   2   1       2.80807140
    7   1   0       1.18184747
    7   2   1       2.81326809
    8   1   0       1.22800049
    8   2   1       2.89869210
    9   1   0       1.17846492
    9   2   1       2.80807140
   10   1   0       1.22800049
   10   2   1       2.89869210
   11   1   0       0.88921332
   12   1   0       0.88921332
   13   1   0       0.88921332
   14   1   0       0.88921332
 
Orbital populations (up)
 Atom Sh.   l   m       Population  Label
    1   1   0   0       1.22800049  s
    1   2   1  -1       0.95260994  p_y
    1   2   1   0       0.93519172  p_z
    1   2   1   1       1.01089044  p_x
    2   1   0   0       1.17846492  s
    2   2   1  -1       0.91182782  p_y
    2   2   1   0       0.90409973  p_z
    2   2   1   1       0.99214384  p_x
    3   1   0   0       1.22800049  s
    3   2   1  -1       0.95260994  p_y
    3   2   1   0       0.93519172  p_z
    3   2   1   1       1.01089044  p_x
    4   1   0   0       1.18184747  s
    4   2   1  -1       0.91102901  p_y
    4   2   1   0       0.90830765  p_z
    4   2   1   1       0.99393143  p_x
    5   1   0   0       1.17846492  s
    5   2   1  -1       0.91182782  p_y
    5   2   1   0       0.90409973  p_z
    5   2   1   1       0.99214384  p_x
    6   1   0   0       1.17846492  s
    6   2   1  -1       0.91182782  p_y
    6   2   1   0       0.90409973  p_z
    6   2   1   1       0.99214384  p_x
    7   1   0   0       1.18184747  s
    7   2   1  -1       0.91102901  p_y
    7   2   1   0       0.90830765  p_z
    7   2   1   1       0.99393143  p_x
    8   1   0   0       1.22800049  s
    8   2   1  -1       0.95260994  p_y
    8   2   1   0       0.93519172  p_z
    8   2   1   1       1.01089044  p_x
    9   1   0   0       1.17846492  s
    9   2   1  -1       0.91182782  p_y
    9   2   1   0       0.90409973  p_z
    9   2   1   1       0.99214384  p_x
   10   1   0   0       1.22800049  s
   10   2   1  -1       0.95260994  p_y
   10   2   1   0       0.93519172  p_z
   10   2   1   1       1.01089044  p_x
   11   1   0   0       0.88921332  s
   12   1   0   0       0.88921332  s
   13   1   0   0       0.88921332  s
   14   1   0   0       0.88921332  s
 
Fermi level:                        -0.1720866838 H           -4.6827 eV
Band energy:                       -19.4572198417 H         -529.4579 eV
TS:                                  0.0000000000 H            0.0000 eV
Band free energy (E-TS):           -19.4572198417 H         -529.4579 eV
Extrapolated E(0K):                -19.4572198417 H         -529.4579 eV
Input / Output electrons (q):     44.0000000000     44.0000000000
 
Energy H0:                         -19.4572198417 H         -529.4579 eV
Energy SCC:                          0.0054573004 H            0.1485 eV
Total Electronic energy:           -19.4517625413 H         -529.3094 eV
Repulsive energy:                    0.6813880663 H           18.5415 eV
Total energy:                      -18.7703744750 H         -510.7679 eV
Extrapolated to 0:                 -18.7703744750 H         -510.7679 eV
Total Mermin free energy:          -18.7703744750 H         -510.7679 eV
Force related energy:              -18.7703744750 H         -510.7679 eV
 
SCC is NOT converged, maximal SCC iterations exceeded
 
